<?xml version="1.0" encoding="UTF-8"?>
<coverage generated="1744237461556" clover="3.2.0">
  <project timestamp="1744237461556" name="All files">
    <metrics statements="432" coveredstatements="341" conditionals="238" coveredconditionals="167" methods="51" coveredmethods="44" elements="721" coveredelements="552" complexity="0" loc="432" ncloc="432" packages="3" files="5" classes="5"/>
    <package name="src.parser">
      <metrics statements="270" coveredstatements="199" conditionals="162" coveredconditionals="99" methods="44" coveredmethods="38"/>
      <file name="parser.js" path="/Users/richmondprado/Desktop/CSUN/2025/Comp 430/JSOP/src/parser/parser.js">
        <metrics statements="270" coveredstatements="199" conditionals="162" coveredconditionals="99" methods="44" coveredmethods="38"/>
        <line num="5" count="55" type="stmt"/>
        <line num="11" count="3" type="stmt"/>
        <line num="12" count="3" type="cond" truecount="1" falsecount="1"/>
        <line num="13" count="3" type="cond" truecount="1" falsecount="1"/>
        <line num="19" count="6" type="stmt"/>
        <line num="20" count="6" type="stmt"/>
        <line num="21" count="6" type="cond" truecount="2" falsecount="0"/>
        <line num="22" count="6" type="cond" truecount="1" falsecount="1"/>
        <line num="23" count="6" type="stmt"/>
        <line num="24" count="6" type="cond" truecount="1" falsecount="1"/>
        <line num="30" count="2" type="stmt"/>
        <line num="31" count="2" type="stmt"/>
        <line num="32" count="2" type="stmt"/>
        <line num="38" count="7" type="stmt"/>
        <line num="39" count="7" type="cond" truecount="1" falsecount="1"/>
        <line num="40" count="7" type="stmt"/>
        <line num="41" count="7" type="cond" truecount="1" falsecount="1"/>
        <line num="47" count="6" type="stmt"/>
        <line num="48" count="6" type="stmt"/>
        <line num="49" count="6" type="cond" truecount="1" falsecount="1"/>
        <line num="50" count="6" type="stmt"/>
        <line num="51" count="6" type="cond" truecount="1" falsecount="1"/>
        <line num="57" count="3" type="stmt"/>
        <line num="58" count="3" type="cond" truecount="1" falsecount="1"/>
        <line num="64" count="0" type="stmt"/>
        <line num="65" count="0" type="cond" truecount="0" falsecount="2"/>
        <line num="71" count="2" type="stmt"/>
        <line num="72" count="2" type="stmt"/>
        <line num="78" count="2" type="stmt"/>
        <line num="79" count="2" type="stmt"/>
        <line num="85" count="2" type="stmt"/>
        <line num="86" count="2" type="stmt"/>
        <line num="87" count="2" type="stmt"/>
        <line num="93" count="0" type="stmt"/>
        <line num="94" count="0" type="stmt"/>
        <line num="95" count="0" type="stmt"/>
        <line num="101" count="0" type="stmt"/>
        <line num="107" count="6" type="stmt"/>
        <line num="108" count="6" type="stmt"/>
        <line num="114" count="0" type="stmt"/>
        <line num="115" count="0" type="stmt"/>
        <line num="116" count="0" type="stmt"/>
        <line num="117" count="0" type="stmt"/>
        <line num="123" count="0" type="stmt"/>
        <line num="124" count="0" type="stmt"/>
        <line num="125" count="0" type="stmt"/>
        <line num="126" count="0" type="stmt"/>
        <line num="132" count="2" type="stmt"/>
        <line num="133" count="2" type="stmt"/>
        <line num="134" count="2" type="stmt"/>
        <line num="135" count="2" type="cond" truecount="1" falsecount="1"/>
        <line num="141" count="2" type="stmt"/>
        <line num="142" count="2" type="stmt"/>
        <line num="143" count="2" type="cond" truecount="1" falsecount="1"/>
        <line num="149" count="3" type="stmt"/>
        <line num="150" count="3" type="stmt"/>
        <line num="156" count="2" type="stmt"/>
        <line num="157" count="2" type="stmt"/>
        <line num="163" count="0" type="stmt"/>
        <line num="169" count="7" type="stmt"/>
        <line num="170" count="7" type="stmt"/>
        <line num="171" count="7" type="stmt"/>
        <line num="177" count="4" type="stmt"/>
        <line num="178" count="4" type="stmt"/>
        <line num="182" count="4" type="stmt"/>
        <line num="183" count="4" type="stmt"/>
        <line num="185" count="4" type="cond" truecount="3" falsecount="0"/>
        <line num="188" count="7" type="stmt"/>
        <line num="191" count="3" type="stmt"/>
        <line num="192" count="3" type="stmt"/>
        <line num="193" count="6" type="stmt"/>
        <line num="196" count="3" type="stmt"/>
        <line num="198" count="1" type="stmt"/>
        <line num="199" count="1" type="stmt"/>
        <line num="205" count="422" type="stmt"/>
        <line num="209" count="216" type="stmt"/>
        <line num="213" count="654" type="stmt"/>
        <line num="217" count="189" type="cond" truecount="1" falsecount="1"/>
        <line num="218" count="189" type="stmt"/>
        <line num="222" count="331" type="cond" truecount="1" falsecount="1"/>
        <line num="223" count="331" type="stmt"/>
        <line num="227" count="127" type="stmt"/>
        <line num="228" count="127" type="cond" truecount="2" falsecount="0"/>
        <line num="229" count="29" type="stmt"/>
        <line num="230" count="29" type="stmt"/>
        <line num="233" count="98" type="stmt"/>
        <line num="237" count="156" type="cond" truecount="2" falsecount="0"/>
        <line num="238" count="1" type="cond" truecount="1" falsecount="1"/>
        <line num="245" count="7" type="stmt"/>
        <line num="246" count="7" type="stmt"/>
        <line num="248" count="7" type="stmt"/>
        <line num="249" count="7" type="cond" truecount="5" falsecount="0"/>
        <line num="250" count="3" type="stmt"/>
        <line num="253" count="7" type="stmt"/>
        <line num="255" count="7" type="stmt"/>
        <line num="257" count="7" type="cond" truecount="3" falsecount="2"/>
        <line num="261" count="0" type="stmt"/>
        <line num="262" count="0" type="stmt"/>
        <line num="265" count="7" type="stmt"/>
        <line num="266" count="7" type="cond" truecount="4" falsecount="1"/>
        <line num="267" count="7" type="stmt"/>
        <line num="270" count="7" type="stmt"/>
        <line num="271" count="7" type="cond" truecount="3" falsecount="0"/>
        <line num="272" count="7" type="stmt"/>
        <line num="275" count="6" type="stmt"/>
        <line num="277" count="6" type="stmt"/>
        <line num="281" count="10" type="cond" truecount="1" falsecount="1"/>
        <line num="282" count="10" type="cond" truecount="2" falsecount="0"/>
        <line num="283" count="4" type="cond" truecount="2" falsecount="2"/>
        <line num="284" count="4" type="stmt"/>
        <line num="290" count="2" type="cond" truecount="1" falsecount="1"/>
        <line num="291" count="0" type="stmt"/>
        <line num="293" count="2" type="stmt"/>
        <line num="295" count="2" type="stmt"/>
        <line num="296" count="2" type="stmt"/>
        <line num="301" count="7" type="stmt"/>
        <line num="302" count="7" type="stmt"/>
        <line num="304" count="7" type="stmt"/>
        <line num="305" count="7" type="cond" truecount="1" falsecount="1"/>
        <line num="306" count="0" type="stmt"/>
        <line num="307" count="0" type="stmt"/>
        <line num="311" count="7" type="stmt"/>
        <line num="312" count="7" type="stmt"/>
        <line num="314" count="7" type="stmt"/>
        <line num="315" count="7" type="cond" truecount="5" falsecount="0"/>
        <line num="316" count="3" type="stmt"/>
        <line num="318" count="3" type="stmt"/>
        <line num="319" count="3" type="cond" truecount="1" falsecount="1"/>
        <line num="320" count="0" type="stmt"/>
        <line num="321" count="0" type="stmt"/>
        <line num="325" count="3" type="stmt"/>
        <line num="326" count="3" type="stmt"/>
        <line num="328" count="3" type="stmt"/>
        <line num="331" count="7" type="stmt"/>
        <line num="332" count="7" type="cond" truecount="2" falsecount="0"/>
        <line num="333" count="0" type="stmt"/>
        <line num="336" count="7" type="stmt"/>
        <line num="338" count="7" type="stmt"/>
        <line num="343" count="7" type="stmt"/>
        <line num="344" count="7" type="stmt"/>
        <line num="346" count="7" type="stmt"/>
        <line num="348" count="7" type="stmt"/>
        <line num="349" count="7" type="cond" truecount="1" falsecount="1"/>
        <line num="350" count="0" type="stmt"/>
        <line num="351" count="0" type="stmt"/>
        <line num="355" count="7" type="stmt"/>
        <line num="358" count="7" type="cond" truecount="2" falsecount="0"/>
        <line num="359" count="3" type="stmt"/>
        <line num="361" count="4" type="stmt"/>
        <line num="364" count="7" type="stmt"/>
        <line num="366" count="7" type="stmt"/>
        <line num="367" count="7" type="cond" truecount="2" falsecount="0"/>
        <line num="368" count="7" type="stmt"/>
        <line num="371" count="6" type="stmt"/>
        <line num="373" count="6" type="stmt"/>
        <line num="379" count="13" type="cond" truecount="1" falsecount="1"/>
        <line num="380" count="0" type="stmt"/>
        <line num="381" count="0" type="cond" truecount="0" falsecount="2"/>
        <line num="382" count="0" type="stmt"/>
        <line num="384" count="0" type="stmt"/>
        <line num="385" count="0" type="stmt"/>
        <line num="388" count="13" type="cond" truecount="2" falsecount="0"/>
        <line num="389" count="7" type="stmt"/>
        <line num="391" count="7" type="cond" truecount="1" falsecount="1"/>
        <line num="392" count="0" type="stmt"/>
        <line num="393" count="0" type="stmt"/>
        <line num="394" count="0" type="stmt"/>
        <line num="395" count="0" type="stmt"/>
        <line num="396" count="0" type="stmt"/>
        <line num="399" count="7" type="cond" truecount="1" falsecount="1"/>
        <line num="400" count="0" type="stmt"/>
        <line num="401" count="0" type="stmt"/>
        <line num="404" count="7" type="cond" truecount="1" falsecount="1"/>
        <line num="405" count="7" type="stmt"/>
        <line num="406" count="7" type="cond" truecount="1" falsecount="1"/>
        <line num="407" count="7" type="stmt"/>
        <line num="409" count="7" type="stmt"/>
        <line num="410" count="6" type="stmt"/>
        <line num="413" count="0" type="cond" truecount="0" falsecount="2"/>
        <line num="414" count="0" type="stmt"/>
        <line num="415" count="0" type="stmt"/>
        <line num="416" count="0" type="stmt"/>
        <line num="418" count="0" type="stmt"/>
        <line num="420" count="0" type="stmt"/>
        <line num="421" count="0" type="cond" truecount="0" falsecount="5"/>
        <line num="422" count="0" type="stmt"/>
        <line num="425" count="0" type="stmt"/>
        <line num="430" count="6" type="cond" truecount="7" falsecount="0"/>
        <line num="435" count="2" type="stmt"/>
        <line num="436" count="2" type="stmt"/>
        <line num="437" count="2" type="stmt"/>
        <line num="441" count="4" type="cond" truecount="5" falsecount="0"/>
        <line num="442" count="2" type="stmt"/>
        <line num="443" count="2" type="stmt"/>
        <line num="444" count="2" type="stmt"/>
        <line num="445" count="2" type="stmt"/>
        <line num="446" count="2" type="stmt"/>
        <line num="450" count="2" type="stmt"/>
        <line num="451" count="2" type="stmt"/>
        <line num="452" count="2" type="stmt"/>
        <line num="456" count="2" type="cond" truecount="1" falsecount="1"/>
        <line num="457" count="2" type="stmt"/>
        <line num="462" count="14" type="stmt"/>
        <line num="467" count="14" type="stmt"/>
        <line num="469" count="14" type="cond" truecount="2" falsecount="0"/>
        <line num="470" count="0" type="stmt"/>
        <line num="471" count="0" type="cond" truecount="0" falsecount="4"/>
        <line num="472" count="0" type="stmt"/>
        <line num="473" count="0" type="stmt"/>
        <line num="475" count="0" type="stmt"/>
        <line num="476" count="0" type="stmt"/>
        <line num="480" count="14" type="stmt"/>
        <line num="485" count="14" type="stmt"/>
        <line num="487" count="14" type="cond" truecount="2" falsecount="0"/>
        <line num="488" count="0" type="stmt"/>
        <line num="489" count="0" type="cond" truecount="0" falsecount="4"/>
        <line num="490" count="0" type="stmt"/>
        <line num="491" count="0" type="stmt"/>
        <line num="493" count="0" type="stmt"/>
        <line num="494" count="0" type="stmt"/>
        <line num="498" count="14" type="stmt"/>
        <line num="503" count="14" type="stmt"/>
        <line num="505" count="14" type="stmt"/>
        <line num="506" count="16" type="cond" truecount="2" falsecount="0"/>
        <line num="507" count="2" type="stmt"/>
        <line num="508" count="2" type="stmt"/>
        <line num="510" count="2" type="stmt"/>
        <line num="511" count="2" type="cond" truecount="1" falsecount="1"/>
        <line num="512" count="0" type="stmt"/>
        <line num="513" count="0" type="stmt"/>
        <line num="517" count="2" type="stmt"/>
        <line num="518" count="2" type="stmt"/>
        <line num="520" count="14" type="stmt"/>
        <line num="524" count="14" type="stmt"/>
        <line num="530" count="14" type="cond" truecount="2" falsecount="0"/>
        <line num="531" count="2" type="stmt"/>
        <line num="534" count="12" type="cond" truecount="1" falsecount="1"/>
        <line num="535" count="0" type="stmt"/>
        <line num="538" count="12" type="cond" truecount="2" falsecount="0"/>
        <line num="539" count="7" type="stmt"/>
        <line num="542" count="5" type="cond" truecount="1" falsecount="1"/>
        <line num="543" count="5" type="stmt"/>
        <line num="545" count="5" type="cond" truecount="1" falsecount="1"/>
        <line num="546" count="0" type="stmt"/>
        <line num="549" count="5" type="cond" truecount="1" falsecount="1"/>
        <line num="550" count="0" type="stmt"/>
        <line num="553" count="5" type="cond" truecount="1" falsecount="1"/>
        <line num="554" count="0" type="stmt"/>
        <line num="557" count="5" type="cond" truecount="2" falsecount="0"/>
        <line num="558" count="3" type="stmt"/>
        <line num="559" count="3" type="stmt"/>
        <line num="560" count="3" type="stmt"/>
        <line num="561" count="3" type="stmt"/>
        <line num="564" count="2" type="cond" truecount="1" falsecount="1"/>
        <line num="565" count="2" type="stmt"/>
        <line num="566" count="2" type="stmt"/>
        <line num="568" count="2" type="stmt"/>
        <line num="569" count="2" type="cond" truecount="1" falsecount="1"/>
        <line num="570" count="0" type="stmt"/>
        <line num="571" count="0" type="stmt"/>
        <line num="575" count="2" type="stmt"/>
        <line num="576" count="2" type="stmt"/>
        <line num="580" count="0" type="cond" truecount="0" falsecount="2"/>
        <line num="581" count="0" type="stmt"/>
        <line num="582" count="0" type="stmt"/>
        <line num="583" count="0" type="stmt"/>
        <line num="586" count="0" type="cond" truecount="0" falsecount="4"/>
        <line num="592" count="1" type="stmt"/>
        <line num="593" count="4" type="stmt"/>
        <line num="594" count="4" type="stmt"/>
      </file>
    </package>
    <package name="src.tokenizer">
      <metrics statements="161" coveredstatements="142" conditionals="76" coveredconditionals="68" methods="6" coveredmethods="6"/>
      <file name="dictionary.js" path="/Users/richmondprado/Desktop/CSUN/2025/Comp 430/JSOP/src/tokenizer/dictionary.js">
        <metrics statements="60" coveredstatements="58" conditionals="36" coveredconditionals="35" methods="2" coveredmethods="2"/>
        <line num="5" count="1606" type="cond" truecount="2" falsecount="0"/>
        <line num="6" count="665" type="stmt"/>
        <line num="8" count="941" type="cond" truecount="2" falsecount="0"/>
        <line num="9" count="31" type="stmt"/>
        <line num="11" count="910" type="cond" truecount="2" falsecount="0"/>
        <line num="12" count="496" type="stmt"/>
        <line num="14" count="414" type="cond" truecount="2" falsecount="0"/>
        <line num="15" count="407" type="stmt"/>
        <line num="17" count="7" type="stmt"/>
        <line num="20" count="2" type="stmt"/>
        <line num="26" count="2" type="stmt"/>
        <line num="31" count="293" type="stmt"/>
        <line num="34" count="293" type="cond" truecount="2" falsecount="1"/>
        <line num="37" count="172" type="cond" truecount="21" falsecount="0"/>
        <line num="39" count="33" type="stmt"/>
        <line num="40" count="33" type="stmt"/>
        <line num="42" count="33" type="stmt"/>
        <line num="43" count="33" type="stmt"/>
        <line num="45" count="1" type="stmt"/>
        <line num="46" count="1" type="stmt"/>
        <line num="48" count="4" type="stmt"/>
        <line num="49" count="4" type="stmt"/>
        <line num="51" count="1" type="stmt"/>
        <line num="52" count="1" type="stmt"/>
        <line num="54" count="1" type="stmt"/>
        <line num="55" count="1" type="stmt"/>
        <line num="57" count="1" type="stmt"/>
        <line num="58" count="1" type="stmt"/>
        <line num="60" count="1" type="stmt"/>
        <line num="61" count="1" type="stmt"/>
        <line num="63" count="2" type="stmt"/>
        <line num="64" count="2" type="stmt"/>
        <line num="66" count="3" type="stmt"/>
        <line num="67" count="3" type="stmt"/>
        <line num="69" count="1" type="stmt"/>
        <line num="70" count="1" type="stmt"/>
        <line num="72" count="28" type="stmt"/>
        <line num="73" count="28" type="stmt"/>
        <line num="75" count="1" type="stmt"/>
        <line num="76" count="1" type="stmt"/>
        <line num="78" count="1" type="stmt"/>
        <line num="79" count="1" type="stmt"/>
        <line num="81" count="27" type="stmt"/>
        <line num="82" count="27" type="stmt"/>
        <line num="84" count="27" type="stmt"/>
        <line num="85" count="27" type="stmt"/>
        <line num="90" count="6" type="stmt"/>
        <line num="91" count="6" type="stmt"/>
        <line num="94" count="1" type="stmt"/>
        <line num="95" count="1" type="stmt"/>
        <line num="97" count="172" type="stmt"/>
        <line num="101" count="121" type="cond" truecount="2" falsecount="0"/>
        <line num="102" count="49" type="stmt"/>
        <line num="103" count="72" type="cond" truecount="2" falsecount="0"/>
        <line num="104" count="8" type="stmt"/>
        <line num="106" count="64" type="stmt"/>
        <line num="108" count="121" type="stmt"/>
        <line num="113" count="0" type="stmt"/>
        <line num="114" count="0" type="stmt"/>
        <line num="117" count="293" type="stmt"/>
      </file>
      <file name="lexer.js" path="/Users/richmondprado/Desktop/CSUN/2025/Comp 430/JSOP/src/tokenizer/lexer.js">
        <metrics statements="99" coveredstatements="82" conditionals="40" coveredconditionals="33" methods="3" coveredmethods="3"/>
        <line num="7" count="17" type="stmt"/>
        <line num="8" count="17" type="stmt"/>
        <line num="9" count="17" type="stmt"/>
        <line num="10" count="17" type="stmt"/>
        <line num="11" count="17" type="stmt"/>
        <line num="12" count="17" type="stmt"/>
        <line num="16" count="17" type="stmt"/>
        <line num="17" count="17" type="stmt"/>
        <line num="18" count="17" type="stmt"/>
        <line num="19" count="17" type="stmt"/>
        <line num="20" count="17" type="stmt"/>
        <line num="21" count="17" type="stmt"/>
        <line num="22" count="1043" type="stmt"/>
        <line num="23" count="1043" type="stmt"/>
        <line num="25" count="1043" type="cond" truecount="5" falsecount="1"/>
        <line num="27" count="737" type="cond" truecount="2" falsecount="0"/>
        <line num="28" count="121" type="stmt"/>
        <line num="29" count="616" type="cond" truecount="2" falsecount="0"/>
        <line num="30" count="12" type="stmt"/>
        <line num="31" count="604" type="cond" truecount="2" falsecount="0"/>
        <line num="32" count="172" type="stmt"/>
        <line num="33" count="432" type="cond" truecount="4" falsecount="0"/>
        <line num="34" count="1" type="stmt"/>
        <line num="35" count="1" type="stmt"/>
        <line num="36" count="1" type="stmt"/>
        <line num="38" count="431" type="stmt"/>
        <line num="41" count="737" type="stmt"/>
        <line num="44" count="121" type="stmt"/>
        <line num="46" count="121" type="stmt"/>
        <line num="47" count="546" type="stmt"/>
        <line num="48" count="546" type="stmt"/>
        <line num="50" count="546" type="cond" truecount="4" falsecount="0"/>
        <line num="51" count="425" type="stmt"/>
        <line num="52" count="425" type="stmt"/>
        <line num="54" count="121" type="stmt"/>
        <line num="59" count="121" type="stmt"/>
        <line num="60" count="121" type="stmt"/>
        <line num="63" count="121" type="stmt"/>
        <line num="64" count="121" type="stmt"/>
        <line num="65" count="121" type="stmt"/>
        <line num="66" count="121" type="stmt"/>
        <line num="69" count="12" type="stmt"/>
        <line num="71" count="12" type="stmt"/>
        <line num="72" count="17" type="stmt"/>
        <line num="73" count="17" type="stmt"/>
        <line num="75" count="17" type="cond" truecount="2" falsecount="0"/>
        <line num="76" count="5" type="stmt"/>
        <line num="77" count="5" type="stmt"/>
        <line num="79" count="12" type="stmt"/>
        <line num="84" count="12" type="stmt"/>
        <line num="87" count="12" type="stmt"/>
        <line num="88" count="12" type="stmt"/>
        <line num="89" count="12" type="stmt"/>
        <line num="90" count="12" type="stmt"/>
        <line num="93" count="172" type="stmt"/>
        <line num="96" count="172" type="cond" truecount="2" falsecount="0"/>
        <line num="97" count="161" type="stmt"/>
        <line num="99" count="161" type="cond" truecount="8" falsecount="0"/>
        <line num="103" count="3" type="stmt"/>
        <line num="104" count="3" type="stmt"/>
        <line num="110" count="172" type="stmt"/>
        <line num="113" count="172" type="stmt"/>
        <line num="116" count="172" type="stmt"/>
        <line num="117" count="172" type="stmt"/>
        <line num="118" count="172" type="stmt"/>
        <line num="119" count="172" type="stmt"/>
        <line num="121" count="1" type="stmt"/>
        <line num="122" count="1" type="stmt"/>
        <line num="123" count="1" type="stmt"/>
        <line num="124" count="1" type="cond" truecount="1" falsecount="1"/>
        <line num="126" count="1" type="stmt"/>
        <line num="127" count="1" type="stmt"/>
        <line num="128" count="1" type="stmt"/>
        <line num="129" count="1" type="stmt"/>
        <line num="130" count="1" type="stmt"/>
        <line num="132" count="0" type="stmt"/>
        <line num="134" count="0" type="stmt"/>
        <line num="137" count="1" type="cond" truecount="1" falsecount="1"/>
        <line num="138" count="1" type="stmt"/>
        <line num="140" count="1" type="stmt"/>
        <line num="142" count="0" type="stmt"/>
        <line num="143" count="0" type="stmt"/>
        <line num="144" count="0" type="stmt"/>
        <line num="145" count="0" type="cond" truecount="0" falsecount="2"/>
        <line num="147" count="0" type="stmt"/>
        <line num="148" count="0" type="stmt"/>
        <line num="149" count="0" type="stmt"/>
        <line num="150" count="0" type="stmt"/>
        <line num="151" count="0" type="stmt"/>
        <line num="152" count="0" type="stmt"/>
        <line num="154" count="0" type="stmt"/>
        <line num="156" count="0" type="stmt"/>
        <line num="159" count="0" type="cond" truecount="0" falsecount="2"/>
        <line num="160" count="0" type="stmt"/>
        <line num="162" count="0" type="stmt"/>
        <line num="169" count="2" type="stmt"/>
        <line num="170" count="17" type="stmt"/>
        <line num="171" count="17" type="stmt"/>
        <line num="172" count="17" type="stmt"/>
      </file>
      <file name="token.js" path="/Users/richmondprado/Desktop/CSUN/2025/Comp 430/JSOP/src/tokenizer/token.js">
        <metrics statements="2" coveredstatements="2" conditionals="0" coveredconditionals="0" methods="1" coveredmethods="1"/>
        <line num="3" count="401" type="stmt"/>
        <line num="4" count="401" type="stmt"/>
      </file>
    </package>
    <package name="tests.tokenizer">
      <metrics statements="1" coveredstatements="0" conditionals="0" coveredconditionals="0" methods="1" coveredmethods="0"/>
      <file name="tokenizeError.js" path="/Users/richmondprado/Desktop/CSUN/2025/Comp 430/JSOP/tests/tokenizer/tokenizeError.js">
        <metrics statements="1" coveredstatements="0" conditionals="0" coveredconditionals="0" methods="1" coveredmethods="0"/>
        <line num="3" count="0" type="stmt"/>
      </file>
    </package>
  </project>
</coverage>
