<?xml version="1.0" encoding="UTF-8"?>
<coverage generated="1742939509500" clover="3.2.0">
  <project timestamp="1742939509500" name="All files">
    <metrics statements="162" coveredstatements="142" conditionals="76" coveredconditionals="68" methods="7" coveredmethods="6" elements="245" coveredelements="216" complexity="0" loc="162" ncloc="162" packages="2" files="4" classes="4"/>
    <package name="src.tokenizer">
      <metrics statements="161" coveredstatements="142" conditionals="76" coveredconditionals="68" methods="6" coveredmethods="6"/>
      <file name="dictionary.js" path="C:\Users\chris\Documents\GitHub\JSOP\src\tokenizer\dictionary.js">
        <metrics statements="60" coveredstatements="58" conditionals="36" coveredconditionals="35" methods="2" coveredmethods="2"/>
        <line num="5" count="480" type="cond" truecount="2" falsecount="0"/>
        <line num="6" count="232" type="stmt"/>
        <line num="8" count="248" type="cond" truecount="2" falsecount="0"/>
        <line num="9" count="14" type="stmt"/>
        <line num="11" count="234" type="cond" truecount="2" falsecount="0"/>
        <line num="12" count="72" type="stmt"/>
        <line num="14" count="162" type="cond" truecount="2" falsecount="0"/>
        <line num="15" count="155" type="stmt"/>
        <line num="17" count="7" type="stmt"/>
        <line num="20" count="1" type="stmt"/>
        <line num="26" count="1" type="stmt"/>
        <line num="31" count="109" type="stmt"/>
        <line num="34" count="109" type="cond" truecount="2" falsecount="1"/>
        <line num="37" count="63" type="cond" truecount="21" falsecount="0"/>
        <line num="39" count="9" type="stmt"/>
        <line num="40" count="9" type="stmt"/>
        <line num="42" count="9" type="stmt"/>
        <line num="43" count="9" type="stmt"/>
        <line num="45" count="1" type="stmt"/>
        <line num="46" count="1" type="stmt"/>
        <line num="48" count="2" type="stmt"/>
        <line num="49" count="2" type="stmt"/>
        <line num="51" count="1" type="stmt"/>
        <line num="52" count="1" type="stmt"/>
        <line num="54" count="1" type="stmt"/>
        <line num="55" count="1" type="stmt"/>
        <line num="57" count="1" type="stmt"/>
        <line num="58" count="1" type="stmt"/>
        <line num="60" count="1" type="stmt"/>
        <line num="61" count="1" type="stmt"/>
        <line num="63" count="2" type="stmt"/>
        <line num="64" count="2" type="stmt"/>
        <line num="66" count="1" type="stmt"/>
        <line num="67" count="1" type="stmt"/>
        <line num="69" count="1" type="stmt"/>
        <line num="70" count="1" type="stmt"/>
        <line num="72" count="13" type="stmt"/>
        <line num="73" count="13" type="stmt"/>
        <line num="75" count="1" type="stmt"/>
        <line num="76" count="1" type="stmt"/>
        <line num="78" count="1" type="stmt"/>
        <line num="79" count="1" type="stmt"/>
        <line num="81" count="6" type="stmt"/>
        <line num="82" count="6" type="stmt"/>
        <line num="84" count="6" type="stmt"/>
        <line num="85" count="6" type="stmt"/>
        <line num="90" count="6" type="stmt"/>
        <line num="91" count="6" type="stmt"/>
        <line num="94" count="1" type="stmt"/>
        <line num="95" count="1" type="stmt"/>
        <line num="97" count="63" type="stmt"/>
        <line num="101" count="46" type="cond" truecount="2" falsecount="0"/>
        <line num="102" count="10" type="stmt"/>
        <line num="103" count="36" type="cond" truecount="2" falsecount="0"/>
        <line num="104" count="5" type="stmt"/>
        <line num="106" count="31" type="stmt"/>
        <line num="108" count="46" type="stmt"/>
        <line num="113" count="0" type="stmt"/>
        <line num="114" count="0" type="stmt"/>
        <line num="117" count="109" type="stmt"/>
      </file>
      <file name="lexer.js" path="C:\Users\chris\Documents\GitHub\JSOP\src\tokenizer\lexer.js">
        <metrics statements="99" coveredstatements="82" conditionals="40" coveredconditionals="33" methods="3" coveredmethods="3"/>
        <line num="7" count="13" type="stmt"/>
        <line num="8" count="13" type="stmt"/>
        <line num="9" count="13" type="stmt"/>
        <line num="10" count="13" type="stmt"/>
        <line num="11" count="13" type="stmt"/>
        <line num="12" count="13" type="stmt"/>
        <line num="16" count="13" type="stmt"/>
        <line num="17" count="13" type="stmt"/>
        <line num="18" count="13" type="stmt"/>
        <line num="19" count="13" type="stmt"/>
        <line num="20" count="13" type="stmt"/>
        <line num="21" count="13" type="stmt"/>
        <line num="22" count="285" type="stmt"/>
        <line num="23" count="285" type="stmt"/>
        <line num="25" count="285" type="cond" truecount="5" falsecount="1"/>
        <line num="27" count="170" type="cond" truecount="2" falsecount="0"/>
        <line num="28" count="46" type="stmt"/>
        <line num="29" count="124" type="cond" truecount="2" falsecount="0"/>
        <line num="30" count="5" type="stmt"/>
        <line num="31" count="119" type="cond" truecount="2" falsecount="0"/>
        <line num="32" count="63" type="stmt"/>
        <line num="33" count="56" type="cond" truecount="4" falsecount="0"/>
        <line num="34" count="1" type="stmt"/>
        <line num="35" count="1" type="stmt"/>
        <line num="36" count="1" type="stmt"/>
        <line num="38" count="55" type="stmt"/>
        <line num="41" count="170" type="stmt"/>
        <line num="44" count="46" type="stmt"/>
        <line num="46" count="46" type="stmt"/>
        <line num="47" count="188" type="stmt"/>
        <line num="48" count="188" type="stmt"/>
        <line num="50" count="188" type="cond" truecount="4" falsecount="0"/>
        <line num="51" count="142" type="stmt"/>
        <line num="52" count="142" type="stmt"/>
        <line num="54" count="46" type="stmt"/>
        <line num="59" count="46" type="stmt"/>
        <line num="60" count="46" type="stmt"/>
        <line num="63" count="46" type="stmt"/>
        <line num="64" count="46" type="stmt"/>
        <line num="65" count="46" type="stmt"/>
        <line num="66" count="46" type="stmt"/>
        <line num="69" count="5" type="stmt"/>
        <line num="71" count="5" type="stmt"/>
        <line num="72" count="7" type="stmt"/>
        <line num="73" count="7" type="stmt"/>
        <line num="75" count="7" type="cond" truecount="2" falsecount="0"/>
        <line num="76" count="2" type="stmt"/>
        <line num="77" count="2" type="stmt"/>
        <line num="79" count="5" type="stmt"/>
        <line num="84" count="5" type="stmt"/>
        <line num="87" count="5" type="stmt"/>
        <line num="88" count="5" type="stmt"/>
        <line num="89" count="5" type="stmt"/>
        <line num="90" count="5" type="stmt"/>
        <line num="93" count="63" type="stmt"/>
        <line num="96" count="63" type="cond" truecount="2" falsecount="0"/>
        <line num="97" count="52" type="stmt"/>
        <line num="99" count="52" type="cond" truecount="8" falsecount="0"/>
        <line num="103" count="3" type="stmt"/>
        <line num="104" count="3" type="stmt"/>
        <line num="110" count="63" type="stmt"/>
        <line num="113" count="63" type="stmt"/>
        <line num="116" count="63" type="stmt"/>
        <line num="117" count="63" type="stmt"/>
        <line num="118" count="63" type="stmt"/>
        <line num="119" count="63" type="stmt"/>
        <line num="121" count="1" type="stmt"/>
        <line num="122" count="1" type="stmt"/>
        <line num="123" count="1" type="stmt"/>
        <line num="124" count="1" type="cond" truecount="1" falsecount="1"/>
        <line num="126" count="1" type="stmt"/>
        <line num="127" count="1" type="stmt"/>
        <line num="128" count="1" type="stmt"/>
        <line num="129" count="1" type="stmt"/>
        <line num="130" count="1" type="stmt"/>
        <line num="132" count="0" type="stmt"/>
        <line num="134" count="0" type="stmt"/>
        <line num="137" count="1" type="cond" truecount="1" falsecount="1"/>
        <line num="138" count="1" type="stmt"/>
        <line num="140" count="1" type="stmt"/>
        <line num="142" count="0" type="stmt"/>
        <line num="143" count="0" type="stmt"/>
        <line num="144" count="0" type="stmt"/>
        <line num="145" count="0" type="cond" truecount="0" falsecount="2"/>
        <line num="147" count="0" type="stmt"/>
        <line num="148" count="0" type="stmt"/>
        <line num="149" count="0" type="stmt"/>
        <line num="150" count="0" type="stmt"/>
        <line num="151" count="0" type="stmt"/>
        <line num="152" count="0" type="stmt"/>
        <line num="154" count="0" type="stmt"/>
        <line num="156" count="0" type="stmt"/>
        <line num="159" count="0" type="cond" truecount="0" falsecount="2"/>
        <line num="160" count="0" type="stmt"/>
        <line num="162" count="0" type="stmt"/>
        <line num="169" count="1" type="stmt"/>
        <line num="170" count="13" type="stmt"/>
        <line num="171" count="13" type="stmt"/>
        <line num="172" count="13" type="stmt"/>
      </file>
      <file name="token.js" path="C:\Users\chris\Documents\GitHub\JSOP\src\tokenizer\token.js">
        <metrics statements="2" coveredstatements="2" conditionals="0" coveredconditionals="0" methods="1" coveredmethods="1"/>
        <line num="3" count="210" type="stmt"/>
        <line num="4" count="210" type="stmt"/>
      </file>
    </package>
    <package name="tests.tokenizer">
      <metrics statements="1" coveredstatements="0" conditionals="0" coveredconditionals="0" methods="1" coveredmethods="0"/>
      <file name="tokenizeError.js" path="C:\Users\chris\Documents\GitHub\JSOP\tests\tokenizer\tokenizeError.js">
        <metrics statements="1" coveredstatements="0" conditionals="0" coveredconditionals="0" methods="1" coveredmethods="0"/>
        <line num="3" count="0" type="stmt"/>
      </file>
    </package>
  </project>
</coverage>
