{"/Users/richmondprado/Desktop/CSUN/2025/Comp 430/JSOP/src/parser/parser.js": {"path":"/Users/richmondprado/Desktop/CSUN/2025/Comp 430/JSOP/src/parser/parser.js","statementMap":{"0":{"start":{"line":5,"column":4},"end":{"line":5,"column":21}},"1":{"start":{"line":11,"column":4},"end":{"line":11,"column":21}},"2":{"start":{"line":12,"column":4},"end":{"line":12,"column":33}},"3":{"start":{"line":13,"column":4},"end":{"line":13,"column":39}},"4":{"start":{"line":19,"column":4},"end":{"line":19,"column":22}},"5":{"start":{"line":20,"column":4},"end":{"line":20,"column":21}},"6":{"start":{"line":21,"column":4},"end":{"line":21,"column":33}},"7":{"start":{"line":22,"column":4},"end":{"line":22,"column":37}},"8":{"start":{"line":23,"column":4},"end":{"line":23,"column":39}},"9":{"start":{"line":24,"column":4},"end":{"line":24,"column":33}},"10":{"start":{"line":30,"column":4},"end":{"line":30,"column":20}},"11":{"start":{"line":31,"column":4},"end":{"line":31,"column":24}},"12":{"start":{"line":32,"column":4},"end":{"line":32,"column":21}},"13":{"start":{"line":38,"column":4},"end":{"line":38,"column":25}},"14":{"start":{"line":39,"column":4},"end":{"line":39,"column":39}},"15":{"start":{"line":40,"column":4},"end":{"line":40,"column":31}},"16":{"start":{"line":41,"column":4},"end":{"line":41,"column":39}},"17":{"start":{"line":47,"column":4},"end":{"line":47,"column":23}},"18":{"start":{"line":48,"column":4},"end":{"line":48,"column":21}},"19":{"start":{"line":49,"column":4},"end":{"line":49,"column":39}},"20":{"start":{"line":50,"column":4},"end":{"line":50,"column":33}},"21":{"start":{"line":51,"column":4},"end":{"line":51,"column":39}},"22":{"start":{"line":57,"column":4},"end":{"line":57,"column":23}},"23":{"start":{"line":58,"column":4},"end":{"line":58,"column":32}},"24":{"start":{"line":64,"column":4},"end":{"line":64,"column":23}},"25":{"start":{"line":65,"column":4},"end":{"line":65,"column":39}},"26":{"start":{"line":71,"column":4},"end":{"line":71,"column":22}},"27":{"start":{"line":72,"column":4},"end":{"line":72,"column":33}},"28":{"start":{"line":78,"column":4},"end":{"line":78,"column":24}},"29":{"start":{"line":79,"column":4},"end":{"line":79,"column":35}},"30":{"start":{"line":85,"column":4},"end":{"line":85,"column":24}},"31":{"start":{"line":86,"column":4},"end":{"line":86,"column":29}},"32":{"start":{"line":87,"column":4},"end":{"line":87,"column":33}},"33":{"start":{"line":93,"column":4},"end":{"line":93,"column":23}},"34":{"start":{"line":94,"column":4},"end":{"line":94,"column":31}},"35":{"start":{"line":95,"column":4},"end":{"line":95,"column":21}},"36":{"start":{"line":101,"column":4},"end":{"line":101,"column":23}},"37":{"start":{"line":107,"column":4},"end":{"line":107,"column":24}},"38":{"start":{"line":108,"column":4},"end":{"line":108,"column":33}},"39":{"start":{"line":114,"column":4},"end":{"line":114,"column":20}},"40":{"start":{"line":115,"column":4},"end":{"line":115,"column":31}},"41":{"start":{"line":116,"column":4},"end":{"line":116,"column":33}},"42":{"start":{"line":117,"column":4},"end":{"line":117,"column":33}},"43":{"start":{"line":123,"column":4},"end":{"line":123,"column":24}},"44":{"start":{"line":124,"column":4},"end":{"line":124,"column":21}},"45":{"start":{"line":125,"column":4},"end":{"line":125,"column":29}},"46":{"start":{"line":126,"column":4},"end":{"line":126,"column":23}},"47":{"start":{"line":132,"column":4},"end":{"line":132,"column":22}},"48":{"start":{"line":133,"column":4},"end":{"line":133,"column":25}},"49":{"start":{"line":134,"column":4},"end":{"line":134,"column":25}},"50":{"start":{"line":135,"column":4},"end":{"line":135,"column":27}},"51":{"start":{"line":141,"column":4},"end":{"line":141,"column":21}},"52":{"start":{"line":142,"column":4},"end":{"line":142,"column":31}},"53":{"start":{"line":143,"column":4},"end":{"line":143,"column":27}},"54":{"start":{"line":149,"column":4},"end":{"line":149,"column":25}},"55":{"start":{"line":150,"column":4},"end":{"line":150,"column":29}},"56":{"start":{"line":156,"column":4},"end":{"line":156,"column":26}},"57":{"start":{"line":157,"column":4},"end":{"line":157,"column":21}},"58":{"start":{"line":163,"column":4},"end":{"line":163,"column":22}},"59":{"start":{"line":169,"column":4},"end":{"line":169,"column":25}},"60":{"start":{"line":170,"column":4},"end":{"line":170,"column":23}},"61":{"start":{"line":171,"column":4},"end":{"line":171,"column":31}},"62":{"start":{"line":177,"column":4},"end":{"line":177,"column":25}},"63":{"start":{"line":178,"column":4},"end":{"line":178,"column":21}},"64":{"start":{"line":182,"column":4},"end":{"line":200,"column":5}},"65":{"start":{"line":183,"column":22},"end":{"line":183,"column":24}},"66":{"start":{"line":185,"column":6},"end":{"line":189,"column":7}},"67":{"start":{"line":188,"column":8},"end":{"line":188,"column":45}},"68":{"start":{"line":191,"column":25},"end":{"line":191,"column":27}},"69":{"start":{"line":192,"column":6},"end":{"line":194,"column":7}},"70":{"start":{"line":193,"column":8},"end":{"line":193,"column":42}},"71":{"start":{"line":196,"column":6},"end":{"line":196,"column":46}},"72":{"start":{"line":198,"column":6},"end":{"line":198,"column":43}},"73":{"start":{"line":199,"column":6},"end":{"line":199,"column":18}},"74":{"start":{"line":205,"column":4},"end":{"line":205,"column":37}},"75":{"start":{"line":209,"column":4},"end":{"line":209,"column":41}},"76":{"start":{"line":213,"column":4},"end":{"line":213,"column":46}},"77":{"start":{"line":217,"column":4},"end":{"line":217,"column":40}},"78":{"start":{"line":217,"column":25},"end":{"line":217,"column":40}},"79":{"start":{"line":218,"column":4},"end":{"line":218,"column":27}},"80":{"start":{"line":222,"column":4},"end":{"line":222,"column":37}},"81":{"start":{"line":222,"column":24},"end":{"line":222,"column":37}},"82":{"start":{"line":223,"column":4},"end":{"line":223,"column":37}},"83":{"start":{"line":227,"column":4},"end":{"line":232,"column":5}},"84":{"start":{"line":228,"column":6},"end":{"line":231,"column":7}},"85":{"start":{"line":229,"column":8},"end":{"line":229,"column":23}},"86":{"start":{"line":230,"column":8},"end":{"line":230,"column":20}},"87":{"start":{"line":233,"column":4},"end":{"line":233,"column":17}},"88":{"start":{"line":237,"column":4},"end":{"line":237,"column":48}},"89":{"start":{"line":237,"column":26},"end":{"line":237,"column":48}},"90":{"start":{"line":238,"column":4},"end":{"line":238,"column":111}},"91":{"start":{"line":245,"column":4},"end":{"line":245,"column":56}},"92":{"start":{"line":246,"column":22},"end":{"line":246,"column":76}},"93":{"start":{"line":248,"column":22},"end":{"line":248,"column":26}},"94":{"start":{"line":249,"column":4},"end":{"line":251,"column":5}},"95":{"start":{"line":250,"column":6},"end":{"line":250,"column":82}},"96":{"start":{"line":253,"column":4},"end":{"line":253,"column":74}},"97":{"start":{"line":255,"column":22},"end":{"line":255,"column":24}},"98":{"start":{"line":257,"column":4},"end":{"line":263,"column":5}},"99":{"start":{"line":261,"column":6},"end":{"line":261,"column":44}},"100":{"start":{"line":262,"column":6},"end":{"line":262,"column":75}},"101":{"start":{"line":265,"column":26},"end":{"line":265,"column":30}},"102":{"start":{"line":266,"column":4},"end":{"line":268,"column":5}},"103":{"start":{"line":267,"column":6},"end":{"line":267,"column":53}},"104":{"start":{"line":270,"column":20},"end":{"line":270,"column":22}},"105":{"start":{"line":271,"column":4},"end":{"line":273,"column":5}},"106":{"start":{"line":272,"column":6},"end":{"line":272,"column":44}},"107":{"start":{"line":275,"column":4},"end":{"line":275,"column":67}},"108":{"start":{"line":277,"column":4},"end":{"line":277,"column":85}},"109":{"start":{"line":281,"column":4},"end":{"line":281,"column":61}},"110":{"start":{"line":281,"column":48},"end":{"line":281,"column":61}},"111":{"start":{"line":282,"column":4},"end":{"line":282,"column":66}},"112":{"start":{"line":282,"column":53},"end":{"line":282,"column":66}},"113":{"start":{"line":283,"column":4},"end":{"line":283,"column":83}},"114":{"start":{"line":283,"column":70},"end":{"line":283,"column":83}},"115":{"start":{"line":284,"column":4},"end":{"line":284,"column":16}},"116":{"start":{"line":290,"column":4},"end":{"line":294,"column":5}},"117":{"start":{"line":291,"column":6},"end":{"line":291,"column":33}},"118":{"start":{"line":293,"column":6},"end":{"line":293,"column":62}},"119":{"start":{"line":295,"column":17},"end":{"line":295,"column":74}},"120":{"start":{"line":296,"column":4},"end":{"line":296,"column":34}},"121":{"start":{"line":301,"column":4},"end":{"line":301,"column":55}},"122":{"start":{"line":302,"column":4},"end":{"line":302,"column":56}},"123":{"start":{"line":304,"column":23},"end":{"line":304,"column":25}},"124":{"start":{"line":305,"column":4},"end":{"line":309,"column":5}},"125":{"start":{"line":306,"column":6},"end":{"line":308,"column":36}},"126":{"start":{"line":307,"column":8},"end":{"line":307,"column":47}},"127":{"start":{"line":311,"column":4},"end":{"line":311,"column":60}},"128":{"start":{"line":312,"column":4},"end":{"line":312,"column":79}},"129":{"start":{"line":314,"column":20},"end":{"line":314,"column":24}},"130":{"start":{"line":315,"column":4},"end":{"line":329,"column":5}},"131":{"start":{"line":316,"column":6},"end":{"line":316,"column":59}},"132":{"start":{"line":318,"column":19},"end":{"line":318,"column":21}},"133":{"start":{"line":319,"column":6},"end":{"line":323,"column":7}},"134":{"start":{"line":320,"column":8},"end":{"line":322,"column":38}},"135":{"start":{"line":321,"column":10},"end":{"line":321,"column":39}},"136":{"start":{"line":325,"column":6},"end":{"line":325,"column":67}},"137":{"start":{"line":326,"column":6},"end":{"line":326,"column":65}},"138":{"start":{"line":328,"column":6},"end":{"line":328,"column":38}},"139":{"start":{"line":331,"column":23},"end":{"line":331,"column":25}},"140":{"start":{"line":332,"column":4},"end":{"line":334,"column":5}},"141":{"start":{"line":333,"column":6},"end":{"line":333,"column":40}},"142":{"start":{"line":336,"column":4},"end":{"line":336,"column":73}},"143":{"start":{"line":338,"column":4},"end":{"line":338,"column":62}},"144":{"start":{"line":343,"column":4},"end":{"line":343,"column":57}},"145":{"start":{"line":344,"column":17},"end":{"line":344,"column":72}},"146":{"start":{"line":346,"column":4},"end":{"line":346,"column":61}},"147":{"start":{"line":348,"column":23},"end":{"line":348,"column":25}},"148":{"start":{"line":349,"column":4},"end":{"line":353,"column":5}},"149":{"start":{"line":350,"column":6},"end":{"line":352,"column":36}},"150":{"start":{"line":351,"column":8},"end":{"line":351,"column":47}},"151":{"start":{"line":355,"column":4},"end":{"line":355,"column":60}},"152":{"start":{"line":358,"column":4},"end":{"line":362,"column":5}},"153":{"start":{"line":359,"column":6},"end":{"line":359,"column":39}},"154":{"start":{"line":361,"column":6},"end":{"line":361,"column":75}},"155":{"start":{"line":364,"column":4},"end":{"line":364,"column":75}},"156":{"start":{"line":366,"column":23},"end":{"line":366,"column":25}},"157":{"start":{"line":367,"column":4},"end":{"line":369,"column":5}},"158":{"start":{"line":368,"column":6},"end":{"line":368,"column":40}},"159":{"start":{"line":371,"column":4},"end":{"line":371,"column":68}},"160":{"start":{"line":373,"column":4},"end":{"line":373,"column":67}},"161":{"start":{"line":379,"column":4},"end":{"line":386,"column":5}},"162":{"start":{"line":380,"column":25},"end":{"line":380,"column":27}},"163":{"start":{"line":381,"column":6},"end":{"line":383,"column":7}},"164":{"start":{"line":382,"column":8},"end":{"line":382,"column":42}},"165":{"start":{"line":384,"column":6},"end":{"line":384,"column":64}},"166":{"start":{"line":385,"column":6},"end":{"line":385,"column":39}},"167":{"start":{"line":388,"column":4},"end":{"line":427,"column":5}},"168":{"start":{"line":389,"column":22},"end":{"line":389,"column":42}},"169":{"start":{"line":391,"column":6},"end":{"line":397,"column":7}},"170":{"start":{"line":392,"column":8},"end":{"line":392,"column":61}},"171":{"start":{"line":393,"column":26},"end":{"line":393,"column":43}},"172":{"start":{"line":394,"column":8},"end":{"line":394,"column":63}},"173":{"start":{"line":395,"column":21},"end":{"line":395,"column":37}},"174":{"start":{"line":396,"column":8},"end":{"line":396,"column":46}},"175":{"start":{"line":399,"column":6},"end":{"line":402,"column":7}},"176":{"start":{"line":400,"column":8},"end":{"line":400,"column":64}},"177":{"start":{"line":401,"column":8},"end":{"line":401,"column":31}},"178":{"start":{"line":404,"column":6},"end":{"line":411,"column":7}},"179":{"start":{"line":405,"column":20},"end":{"line":405,"column":24}},"180":{"start":{"line":406,"column":8},"end":{"line":408,"column":9}},"181":{"start":{"line":407,"column":10},"end":{"line":407,"column":36}},"182":{"start":{"line":409,"column":8},"end":{"line":409,"column":69}},"183":{"start":{"line":410,"column":8},"end":{"line":410,"column":37}},"184":{"start":{"line":413,"column":6},"end":{"line":426,"column":7}},"185":{"start":{"line":414,"column":8},"end":{"line":414,"column":58}},"186":{"start":{"line":415,"column":26},"end":{"line":415,"column":43}},"187":{"start":{"line":416,"column":8},"end":{"line":416,"column":63}},"188":{"start":{"line":418,"column":27},"end":{"line":418,"column":43}},"189":{"start":{"line":420,"column":25},"end":{"line":420,"column":29}},"190":{"start":{"line":421,"column":8},"end":{"line":423,"column":9}},"191":{"start":{"line":422,"column":10},"end":{"line":422,"column":40}},"192":{"start":{"line":425,"column":8},"end":{"line":425,"column":61}},"193":{"start":{"line":430,"column":4},"end":{"line":438,"column":5}},"194":{"start":{"line":435,"column":21},"end":{"line":435,"column":42}},"195":{"start":{"line":436,"column":6},"end":{"line":436,"column":75}},"196":{"start":{"line":437,"column":6},"end":{"line":437,"column":36}},"197":{"start":{"line":441,"column":4},"end":{"line":447,"column":5}},"198":{"start":{"line":442,"column":19},"end":{"line":442,"column":38}},"199":{"start":{"line":443,"column":6},"end":{"line":443,"column":65}},"200":{"start":{"line":444,"column":20},"end":{"line":444,"column":37}},"201":{"start":{"line":445,"column":6},"end":{"line":445,"column":65}},"202":{"start":{"line":446,"column":6},"end":{"line":446,"column":41}},"203":{"start":{"line":450,"column":17},"end":{"line":450,"column":34}},"204":{"start":{"line":451,"column":4},"end":{"line":451,"column":63}},"205":{"start":{"line":452,"column":4},"end":{"line":452,"column":30}},"206":{"start":{"line":456,"column":4},"end":{"line":456,"column":66}},"207":{"start":{"line":456,"column":53},"end":{"line":456,"column":66}},"208":{"start":{"line":457,"column":4},"end":{"line":457,"column":60}},"209":{"start":{"line":462,"column":4},"end":{"line":462,"column":37}},"210":{"start":{"line":467,"column":15},"end":{"line":467,"column":46}},"211":{"start":{"line":469,"column":4},"end":{"line":478,"column":5}},"212":{"start":{"line":470,"column":23},"end":{"line":470,"column":43}},"213":{"start":{"line":471,"column":6},"end":{"line":477,"column":7}},"214":{"start":{"line":472,"column":22},"end":{"line":472,"column":53}},"215":{"start":{"line":473,"column":8},"end":{"line":473,"column":53}},"216":{"start":{"line":475,"column":8},"end":{"line":475,"column":23}},"217":{"start":{"line":476,"column":8},"end":{"line":476,"column":14}},"218":{"start":{"line":480,"column":4},"end":{"line":480,"column":16}},"219":{"start":{"line":485,"column":15},"end":{"line":485,"column":36}},"220":{"start":{"line":487,"column":4},"end":{"line":496,"column":5}},"221":{"start":{"line":488,"column":23},"end":{"line":488,"column":43}},"222":{"start":{"line":489,"column":6},"end":{"line":495,"column":7}},"223":{"start":{"line":490,"column":22},"end":{"line":490,"column":43}},"224":{"start":{"line":491,"column":8},"end":{"line":491,"column":53}},"225":{"start":{"line":493,"column":8},"end":{"line":493,"column":23}},"226":{"start":{"line":494,"column":8},"end":{"line":494,"column":14}},"227":{"start":{"line":498,"column":4},"end":{"line":498,"column":16}},"228":{"start":{"line":503,"column":15},"end":{"line":503,"column":39}},"229":{"start":{"line":505,"column":4},"end":{"line":522,"column":5}},"230":{"start":{"line":506,"column":6},"end":{"line":521,"column":7}},"231":{"start":{"line":507,"column":23},"end":{"line":507,"column":88}},"232":{"start":{"line":508,"column":8},"end":{"line":508,"column":65}},"233":{"start":{"line":510,"column":21},"end":{"line":510,"column":23}},"234":{"start":{"line":511,"column":8},"end":{"line":515,"column":9}},"235":{"start":{"line":512,"column":10},"end":{"line":514,"column":40}},"236":{"start":{"line":513,"column":12},"end":{"line":513,"column":41}},"237":{"start":{"line":517,"column":8},"end":{"line":517,"column":63}},"238":{"start":{"line":518,"column":8},"end":{"line":518,"column":48}},"239":{"start":{"line":520,"column":8},"end":{"line":520,"column":14}},"240":{"start":{"line":524,"column":4},"end":{"line":524,"column":16}},"241":{"start":{"line":530,"column":4},"end":{"line":532,"column":5}},"242":{"start":{"line":531,"column":6},"end":{"line":531,"column":52}},"243":{"start":{"line":534,"column":4},"end":{"line":536,"column":5}},"244":{"start":{"line":535,"column":6},"end":{"line":535,"column":61}},"245":{"start":{"line":538,"column":4},"end":{"line":540,"column":5}},"246":{"start":{"line":539,"column":6},"end":{"line":539,"column":68}},"247":{"start":{"line":542,"column":4},"end":{"line":578,"column":5}},"248":{"start":{"line":543,"column":22},"end":{"line":543,"column":42}},"249":{"start":{"line":545,"column":6},"end":{"line":547,"column":7}},"250":{"start":{"line":546,"column":8},"end":{"line":546,"column":30}},"251":{"start":{"line":549,"column":6},"end":{"line":551,"column":7}},"252":{"start":{"line":550,"column":8},"end":{"line":550,"column":48}},"253":{"start":{"line":553,"column":6},"end":{"line":555,"column":7}},"254":{"start":{"line":554,"column":8},"end":{"line":554,"column":49}},"255":{"start":{"line":557,"column":6},"end":{"line":562,"column":7}},"256":{"start":{"line":558,"column":8},"end":{"line":558,"column":63}},"257":{"start":{"line":559,"column":25},"end":{"line":559,"column":42}},"258":{"start":{"line":560,"column":8},"end":{"line":560,"column":62}},"259":{"start":{"line":561,"column":8},"end":{"line":561,"column":41}},"260":{"start":{"line":564,"column":6},"end":{"line":577,"column":7}},"261":{"start":{"line":565,"column":26},"end":{"line":565,"column":92}},"262":{"start":{"line":566,"column":8},"end":{"line":566,"column":64}},"263":{"start":{"line":568,"column":21},"end":{"line":568,"column":23}},"264":{"start":{"line":569,"column":8},"end":{"line":573,"column":9}},"265":{"start":{"line":570,"column":10},"end":{"line":572,"column":40}},"266":{"start":{"line":571,"column":12},"end":{"line":571,"column":41}},"267":{"start":{"line":575,"column":8},"end":{"line":575,"column":63}},"268":{"start":{"line":576,"column":8},"end":{"line":576,"column":44}},"269":{"start":{"line":580,"column":4},"end":{"line":584,"column":5}},"270":{"start":{"line":581,"column":19},"end":{"line":581,"column":36}},"271":{"start":{"line":582,"column":6},"end":{"line":582,"column":62}},"272":{"start":{"line":583,"column":6},"end":{"line":583,"column":18}},"273":{"start":{"line":586,"column":4},"end":{"line":586,"column":122}},"274":{"start":{"line":592,"column":25},"end":{"line":595,"column":1}},"275":{"start":{"line":593,"column":17},"end":{"line":593,"column":35}},"276":{"start":{"line":594,"column":2},"end":{"line":594,"column":24}}},"fnMap":{"0":{"name":"(anonymous_0)","decl":{"start":{"line":4,"column":2},"end":{"line":4,"column":3}},"loc":{"start":{"line":4,"column":20},"end":{"line":6,"column":3}},"line":4},"1":{"name":"(anonymous_1)","decl":{"start":{"line":10,"column":2},"end":{"line":10,"column":3}},"loc":{"start":{"line":10,"column":35},"end":{"line":14,"column":3}},"line":10},"2":{"name":"(anonymous_2)","decl":{"start":{"line":18,"column":2},"end":{"line":18,"column":3}},"loc":{"start":{"line":18,"column":65},"end":{"line":25,"column":3}},"line":18},"3":{"name":"(anonymous_3)","decl":{"start":{"line":29,"column":2},"end":{"line":29,"column":3}},"loc":{"start":{"line":29,"column":26},"end":{"line":33,"column":3}},"line":29},"4":{"name":"(anonymous_4)","decl":{"start":{"line":37,"column":2},"end":{"line":37,"column":3}},"loc":{"start":{"line":37,"column":49},"end":{"line":42,"column":3}},"line":37},"5":{"name":"(anonymous_5)","decl":{"start":{"line":46,"column":2},"end":{"line":46,"column":3}},"loc":{"start":{"line":46,"column":56},"end":{"line":52,"column":3}},"line":46},"6":{"name":"(anonymous_6)","decl":{"start":{"line":56,"column":2},"end":{"line":56,"column":3}},"loc":{"start":{"line":56,"column":20},"end":{"line":59,"column":3}},"line":56},"7":{"name":"(anonymous_7)","decl":{"start":{"line":63,"column":2},"end":{"line":63,"column":3}},"loc":{"start":{"line":63,"column":26},"end":{"line":66,"column":3}},"line":63},"8":{"name":"(anonymous_8)","decl":{"start":{"line":70,"column":2},"end":{"line":70,"column":3}},"loc":{"start":{"line":70,"column":26},"end":{"line":73,"column":3}},"line":70},"9":{"name":"(anonymous_9)","decl":{"start":{"line":77,"column":2},"end":{"line":77,"column":3}},"loc":{"start":{"line":77,"column":27},"end":{"line":80,"column":3}},"line":77},"10":{"name":"(anonymous_10)","decl":{"start":{"line":84,"column":2},"end":{"line":84,"column":3}},"loc":{"start":{"line":84,"column":36},"end":{"line":88,"column":3}},"line":84},"11":{"name":"(anonymous_11)","decl":{"start":{"line":92,"column":2},"end":{"line":92,"column":3}},"loc":{"start":{"line":92,"column":31},"end":{"line":96,"column":3}},"line":92},"12":{"name":"(anonymous_12)","decl":{"start":{"line":100,"column":2},"end":{"line":100,"column":3}},"loc":{"start":{"line":100,"column":16},"end":{"line":102,"column":3}},"line":100},"13":{"name":"(anonymous_13)","decl":{"start":{"line":106,"column":2},"end":{"line":106,"column":3}},"loc":{"start":{"line":106,"column":26},"end":{"line":109,"column":3}},"line":106},"14":{"name":"(anonymous_14)","decl":{"start":{"line":113,"column":2},"end":{"line":113,"column":3}},"loc":{"start":{"line":113,"column":49},"end":{"line":118,"column":3}},"line":113},"15":{"name":"(anonymous_15)","decl":{"start":{"line":122,"column":2},"end":{"line":122,"column":3}},"loc":{"start":{"line":122,"column":37},"end":{"line":127,"column":3}},"line":122},"16":{"name":"(anonymous_16)","decl":{"start":{"line":131,"column":2},"end":{"line":131,"column":3}},"loc":{"start":{"line":131,"column":36},"end":{"line":136,"column":3}},"line":131},"17":{"name":"(anonymous_17)","decl":{"start":{"line":140,"column":2},"end":{"line":140,"column":3}},"loc":{"start":{"line":140,"column":31},"end":{"line":144,"column":3}},"line":140},"18":{"name":"(anonymous_18)","decl":{"start":{"line":148,"column":2},"end":{"line":148,"column":3}},"loc":{"start":{"line":148,"column":24},"end":{"line":151,"column":3}},"line":148},"19":{"name":"(anonymous_19)","decl":{"start":{"line":155,"column":2},"end":{"line":155,"column":3}},"loc":{"start":{"line":155,"column":20},"end":{"line":158,"column":3}},"line":155},"20":{"name":"(anonymous_20)","decl":{"start":{"line":162,"column":2},"end":{"line":162,"column":3}},"loc":{"start":{"line":162,"column":16},"end":{"line":164,"column":3}},"line":162},"21":{"name":"(anonymous_21)","decl":{"start":{"line":168,"column":2},"end":{"line":168,"column":3}},"loc":{"start":{"line":168,"column":32},"end":{"line":172,"column":3}},"line":168},"22":{"name":"(anonymous_22)","decl":{"start":{"line":176,"column":2},"end":{"line":176,"column":3}},"loc":{"start":{"line":176,"column":22},"end":{"line":179,"column":3}},"line":176},"23":{"name":"(anonymous_23)","decl":{"start":{"line":181,"column":2},"end":{"line":181,"column":3}},"loc":{"start":{"line":181,"column":10},"end":{"line":201,"column":3}},"line":181},"24":{"name":"(anonymous_24)","decl":{"start":{"line":204,"column":2},"end":{"line":204,"column":3}},"loc":{"start":{"line":204,"column":9},"end":{"line":206,"column":3}},"line":204},"25":{"name":"(anonymous_25)","decl":{"start":{"line":208,"column":2},"end":{"line":208,"column":3}},"loc":{"start":{"line":208,"column":13},"end":{"line":210,"column":3}},"line":208},"26":{"name":"(anonymous_26)","decl":{"start":{"line":212,"column":2},"end":{"line":212,"column":3}},"loc":{"start":{"line":212,"column":12},"end":{"line":214,"column":3}},"line":212},"27":{"name":"(anonymous_27)","decl":{"start":{"line":216,"column":2},"end":{"line":216,"column":3}},"loc":{"start":{"line":216,"column":12},"end":{"line":219,"column":3}},"line":216},"28":{"name":"(anonymous_28)","decl":{"start":{"line":221,"column":2},"end":{"line":221,"column":3}},"loc":{"start":{"line":221,"column":14},"end":{"line":224,"column":3}},"line":221},"29":{"name":"(anonymous_29)","decl":{"start":{"line":226,"column":2},"end":{"line":226,"column":3}},"loc":{"start":{"line":226,"column":18},"end":{"line":234,"column":3}},"line":226},"30":{"name":"(anonymous_30)","decl":{"start":{"line":236,"column":2},"end":{"line":236,"column":3}},"loc":{"start":{"line":236,"column":25},"end":{"line":239,"column":3}},"line":236},"31":{"name":"(anonymous_31)","decl":{"start":{"line":244,"column":2},"end":{"line":244,"column":3}},"loc":{"start":{"line":244,"column":20},"end":{"line":278,"column":3}},"line":244},"32":{"name":"(anonymous_32)","decl":{"start":{"line":280,"column":2},"end":{"line":280,"column":3}},"loc":{"start":{"line":280,"column":31},"end":{"line":285,"column":3}},"line":280},"33":{"name":"(anonymous_33)","decl":{"start":{"line":288,"column":2},"end":{"line":288,"column":3}},"loc":{"start":{"line":288,"column":19},"end":{"line":297,"column":3}},"line":288},"34":{"name":"(anonymous_34)","decl":{"start":{"line":300,"column":2},"end":{"line":300,"column":3}},"loc":{"start":{"line":300,"column":26},"end":{"line":339,"column":3}},"line":300},"35":{"name":"(anonymous_35)","decl":{"start":{"line":342,"column":2},"end":{"line":342,"column":3}},"loc":{"start":{"line":342,"column":21},"end":{"line":374,"column":3}},"line":342},"36":{"name":"(anonymous_36)","decl":{"start":{"line":378,"column":2},"end":{"line":378,"column":3}},"loc":{"start":{"line":378,"column":14},"end":{"line":453,"column":3}},"line":378},"37":{"name":"(anonymous_37)","decl":{"start":{"line":455,"column":2},"end":{"line":455,"column":3}},"loc":{"start":{"line":455,"column":27},"end":{"line":458,"column":3}},"line":455},"38":{"name":"(anonymous_38)","decl":{"start":{"line":461,"column":2},"end":{"line":461,"column":3}},"loc":{"start":{"line":461,"column":15},"end":{"line":463,"column":3}},"line":461},"39":{"name":"(anonymous_39)","decl":{"start":{"line":466,"column":2},"end":{"line":466,"column":3}},"loc":{"start":{"line":466,"column":23},"end":{"line":481,"column":3}},"line":466},"40":{"name":"(anonymous_40)","decl":{"start":{"line":484,"column":2},"end":{"line":484,"column":3}},"loc":{"start":{"line":484,"column":29},"end":{"line":499,"column":3}},"line":484},"41":{"name":"(anonymous_41)","decl":{"start":{"line":502,"column":2},"end":{"line":502,"column":3}},"loc":{"start":{"line":502,"column":19},"end":{"line":525,"column":3}},"line":502},"42":{"name":"(anonymous_42)","decl":{"start":{"line":529,"column":2},"end":{"line":529,"column":3}},"loc":{"start":{"line":529,"column":22},"end":{"line":587,"column":3}},"line":529},"43":{"name":"(anonymous_43)","decl":{"start":{"line":592,"column":25},"end":{"line":592,"column":26}},"loc":{"start":{"line":592,"column":37},"end":{"line":595,"column":1}},"line":592}},"branchMap":{"0":{"loc":{"start":{"line":12,"column":19},"end":{"line":12,"column":32}},"type":"binary-expr","locations":[{"start":{"line":12,"column":19},"end":{"line":12,"column":26}},{"start":{"line":12,"column":30},"end":{"line":12,"column":32}}],"line":12},"1":{"loc":{"start":{"line":13,"column":22},"end":{"line":13,"column":38}},"type":"binary-expr","locations":[{"start":{"line":13,"column":22},"end":{"line":13,"column":32}},{"start":{"line":13,"column":36},"end":{"line":13,"column":38}}],"line":13},"2":{"loc":{"start":{"line":21,"column":18},"end":{"line":21,"column":32}},"type":"binary-expr","locations":[{"start":{"line":21,"column":18},"end":{"line":21,"column":24}},{"start":{"line":21,"column":28},"end":{"line":21,"column":32}}],"line":21},"3":{"loc":{"start":{"line":22,"column":21},"end":{"line":22,"column":36}},"type":"binary-expr","locations":[{"start":{"line":22,"column":21},"end":{"line":22,"column":30}},{"start":{"line":22,"column":34},"end":{"line":22,"column":36}}],"line":22},"4":{"loc":{"start":{"line":24,"column":19},"end":{"line":24,"column":32}},"type":"binary-expr","locations":[{"start":{"line":24,"column":19},"end":{"line":24,"column":26}},{"start":{"line":24,"column":30},"end":{"line":24,"column":32}}],"line":24},"5":{"loc":{"start":{"line":39,"column":22},"end":{"line":39,"column":38}},"type":"binary-expr","locations":[{"start":{"line":39,"column":22},"end":{"line":39,"column":32}},{"start":{"line":39,"column":36},"end":{"line":39,"column":38}}],"line":39},"6":{"loc":{"start":{"line":41,"column":22},"end":{"line":41,"column":38}},"type":"binary-expr","locations":[{"start":{"line":41,"column":22},"end":{"line":41,"column":32}},{"start":{"line":41,"column":36},"end":{"line":41,"column":38}}],"line":41},"7":{"loc":{"start":{"line":49,"column":22},"end":{"line":49,"column":38}},"type":"binary-expr","locations":[{"start":{"line":49,"column":22},"end":{"line":49,"column":32}},{"start":{"line":49,"column":36},"end":{"line":49,"column":38}}],"line":49},"8":{"loc":{"start":{"line":51,"column":22},"end":{"line":51,"column":38}},"type":"binary-expr","locations":[{"start":{"line":51,"column":22},"end":{"line":51,"column":32}},{"start":{"line":51,"column":36},"end":{"line":51,"column":38}}],"line":51},"9":{"loc":{"start":{"line":58,"column":21},"end":{"line":58,"column":31}},"type":"binary-expr","locations":[{"start":{"line":58,"column":21},"end":{"line":58,"column":25}},{"start":{"line":58,"column":29},"end":{"line":58,"column":31}}],"line":58},"10":{"loc":{"start":{"line":65,"column":22},"end":{"line":65,"column":38}},"type":"binary-expr","locations":[{"start":{"line":65,"column":22},"end":{"line":65,"column":32}},{"start":{"line":65,"column":36},"end":{"line":65,"column":38}}],"line":65},"11":{"loc":{"start":{"line":135,"column":16},"end":{"line":135,"column":26}},"type":"binary-expr","locations":[{"start":{"line":135,"column":16},"end":{"line":135,"column":20}},{"start":{"line":135,"column":24},"end":{"line":135,"column":26}}],"line":135},"12":{"loc":{"start":{"line":143,"column":16},"end":{"line":143,"column":26}},"type":"binary-expr","locations":[{"start":{"line":143,"column":16},"end":{"line":143,"column":20}},{"start":{"line":143,"column":24},"end":{"line":143,"column":26}}],"line":143},"13":{"loc":{"start":{"line":185,"column":13},"end":{"line":187,"column":41}},"type":"binary-expr","locations":[{"start":{"line":185,"column":13},"end":{"line":185,"column":28}},{"start":{"line":186,"column":13},"end":{"line":186,"column":43}},{"start":{"line":187,"column":13},"end":{"line":187,"column":41}}],"line":185},"14":{"loc":{"start":{"line":217,"column":4},"end":{"line":217,"column":40}},"type":"if","locations":[{"start":{"line":217,"column":4},"end":{"line":217,"column":40}},{"start":{},"end":{}}],"line":217},"15":{"loc":{"start":{"line":222,"column":4},"end":{"line":222,"column":37}},"type":"if","locations":[{"start":{"line":222,"column":4},"end":{"line":222,"column":37}},{"start":{},"end":{}}],"line":222},"16":{"loc":{"start":{"line":228,"column":6},"end":{"line":231,"column":7}},"type":"if","locations":[{"start":{"line":228,"column":6},"end":{"line":231,"column":7}},{"start":{},"end":{}}],"line":228},"17":{"loc":{"start":{"line":237,"column":4},"end":{"line":237,"column":48}},"type":"if","locations":[{"start":{"line":237,"column":4},"end":{"line":237,"column":48}},{"start":{},"end":{}}],"line":237},"18":{"loc":{"start":{"line":238,"column":43},"end":{"line":238,"column":107}},"type":"cond-expr","locations":[{"start":{"line":238,"column":57},"end":{"line":238,"column":99}},{"start":{"line":238,"column":102},"end":{"line":238,"column":107}}],"line":238},"19":{"loc":{"start":{"line":249,"column":4},"end":{"line":251,"column":5}},"type":"if","locations":[{"start":{"line":249,"column":4},"end":{"line":251,"column":5}},{"start":{},"end":{}}],"line":249},"20":{"loc":{"start":{"line":249,"column":8},"end":{"line":249,"column":86}},"type":"binary-expr","locations":[{"start":{"line":249,"column":8},"end":{"line":249,"column":23}},{"start":{"line":249,"column":27},"end":{"line":249,"column":48}},{"start":{"line":249,"column":52},"end":{"line":249,"column":86}}],"line":249},"21":{"loc":{"start":{"line":257,"column":11},"end":{"line":260,"column":57}},"type":"binary-expr","locations":[{"start":{"line":257,"column":11},"end":{"line":257,"column":26}},{"start":{"line":257,"column":31},"end":{"line":257,"column":58}},{"start":{"line":258,"column":12},"end":{"line":258,"column":45}},{"start":{"line":259,"column":12},"end":{"line":259,"column":46}},{"start":{"line":260,"column":12},"end":{"line":260,"column":55}}],"line":257},"22":{"loc":{"start":{"line":266,"column":4},"end":{"line":268,"column":5}},"type":"if","locations":[{"start":{"line":266,"column":4},"end":{"line":268,"column":5}},{"start":{},"end":{}}],"line":266},"23":{"loc":{"start":{"line":266,"column":8},"end":{"line":266,"column":88}},"type":"binary-expr","locations":[{"start":{"line":266,"column":8},"end":{"line":266,"column":23}},{"start":{"line":266,"column":27},"end":{"line":266,"column":57}},{"start":{"line":266,"column":61},"end":{"line":266,"column":88}}],"line":266},"24":{"loc":{"start":{"line":271,"column":11},"end":{"line":271,"column":93}},"type":"binary-expr","locations":[{"start":{"line":271,"column":11},"end":{"line":271,"column":26}},{"start":{"line":271,"column":30},"end":{"line":271,"column":60}},{"start":{"line":271,"column":64},"end":{"line":271,"column":93}}],"line":271},"25":{"loc":{"start":{"line":280,"column":18},"end":{"line":280,"column":29}},"type":"default-arg","locations":[{"start":{"line":280,"column":25},"end":{"line":280,"column":29}}],"line":280},"26":{"loc":{"start":{"line":281,"column":4},"end":{"line":281,"column":61}},"type":"if","locations":[{"start":{"line":281,"column":4},"end":{"line":281,"column":61}},{"start":{},"end":{}}],"line":281},"27":{"loc":{"start":{"line":282,"column":4},"end":{"line":282,"column":66}},"type":"if","locations":[{"start":{"line":282,"column":4},"end":{"line":282,"column":66}},{"start":{},"end":{}}],"line":282},"28":{"loc":{"start":{"line":283,"column":4},"end":{"line":283,"column":83}},"type":"if","locations":[{"start":{"line":283,"column":4},"end":{"line":283,"column":83}},{"start":{},"end":{}}],"line":283},"29":{"loc":{"start":{"line":283,"column":8},"end":{"line":283,"column":68}},"type":"binary-expr","locations":[{"start":{"line":283,"column":8},"end":{"line":283,"column":21}},{"start":{"line":283,"column":25},"end":{"line":283,"column":68}}],"line":283},"30":{"loc":{"start":{"line":290,"column":4},"end":{"line":294,"column":5}},"type":"if","locations":[{"start":{"line":290,"column":4},"end":{"line":294,"column":5}},{"start":{"line":292,"column":11},"end":{"line":294,"column":5}}],"line":290},"31":{"loc":{"start":{"line":305,"column":4},"end":{"line":309,"column":5}},"type":"if","locations":[{"start":{"line":305,"column":4},"end":{"line":309,"column":5}},{"start":{},"end":{}}],"line":305},"32":{"loc":{"start":{"line":315,"column":4},"end":{"line":329,"column":5}},"type":"if","locations":[{"start":{"line":315,"column":4},"end":{"line":329,"column":5}},{"start":{},"end":{}}],"line":315},"33":{"loc":{"start":{"line":315,"column":8},"end":{"line":315,"column":84}},"type":"binary-expr","locations":[{"start":{"line":315,"column":8},"end":{"line":315,"column":23}},{"start":{"line":315,"column":27},"end":{"line":315,"column":48}},{"start":{"line":315,"column":52},"end":{"line":315,"column":84}}],"line":315},"34":{"loc":{"start":{"line":319,"column":6},"end":{"line":323,"column":7}},"type":"if","locations":[{"start":{"line":319,"column":6},"end":{"line":323,"column":7}},{"start":{},"end":{}}],"line":319},"35":{"loc":{"start":{"line":332,"column":11},"end":{"line":332,"column":58}},"type":"binary-expr","locations":[{"start":{"line":332,"column":11},"end":{"line":332,"column":26}},{"start":{"line":332,"column":30},"end":{"line":332,"column":58}}],"line":332},"36":{"loc":{"start":{"line":349,"column":4},"end":{"line":353,"column":5}},"type":"if","locations":[{"start":{"line":349,"column":4},"end":{"line":353,"column":5}},{"start":{},"end":{}}],"line":349},"37":{"loc":{"start":{"line":358,"column":4},"end":{"line":362,"column":5}},"type":"if","locations":[{"start":{"line":358,"column":4},"end":{"line":362,"column":5}},{"start":{"line":360,"column":11},"end":{"line":362,"column":5}}],"line":358},"38":{"loc":{"start":{"line":367,"column":11},"end":{"line":367,"column":58}},"type":"binary-expr","locations":[{"start":{"line":367,"column":11},"end":{"line":367,"column":26}},{"start":{"line":367,"column":30},"end":{"line":367,"column":58}}],"line":367},"39":{"loc":{"start":{"line":379,"column":4},"end":{"line":386,"column":5}},"type":"if","locations":[{"start":{"line":379,"column":4},"end":{"line":386,"column":5}},{"start":{},"end":{}}],"line":379},"40":{"loc":{"start":{"line":381,"column":13},"end":{"line":381,"column":60}},"type":"binary-expr","locations":[{"start":{"line":381,"column":13},"end":{"line":381,"column":28}},{"start":{"line":381,"column":32},"end":{"line":381,"column":60}}],"line":381},"41":{"loc":{"start":{"line":388,"column":4},"end":{"line":427,"column":5}},"type":"if","locations":[{"start":{"line":388,"column":4},"end":{"line":427,"column":5}},{"start":{},"end":{}}],"line":388},"42":{"loc":{"start":{"line":391,"column":6},"end":{"line":397,"column":7}},"type":"if","locations":[{"start":{"line":391,"column":6},"end":{"line":397,"column":7}},{"start":{},"end":{}}],"line":391},"43":{"loc":{"start":{"line":399,"column":6},"end":{"line":402,"column":7}},"type":"if","locations":[{"start":{"line":399,"column":6},"end":{"line":402,"column":7}},{"start":{},"end":{}}],"line":399},"44":{"loc":{"start":{"line":404,"column":6},"end":{"line":411,"column":7}},"type":"if","locations":[{"start":{"line":404,"column":6},"end":{"line":411,"column":7}},{"start":{},"end":{}}],"line":404},"45":{"loc":{"start":{"line":406,"column":8},"end":{"line":408,"column":9}},"type":"if","locations":[{"start":{"line":406,"column":8},"end":{"line":408,"column":9}},{"start":{},"end":{}}],"line":406},"46":{"loc":{"start":{"line":413,"column":6},"end":{"line":426,"column":7}},"type":"if","locations":[{"start":{"line":413,"column":6},"end":{"line":426,"column":7}},{"start":{},"end":{}}],"line":413},"47":{"loc":{"start":{"line":421,"column":8},"end":{"line":423,"column":9}},"type":"if","locations":[{"start":{"line":421,"column":8},"end":{"line":423,"column":9}},{"start":{},"end":{}}],"line":421},"48":{"loc":{"start":{"line":421,"column":12},"end":{"line":421,"column":87}},"type":"binary-expr","locations":[{"start":{"line":421,"column":12},"end":{"line":421,"column":27}},{"start":{"line":421,"column":31},"end":{"line":421,"column":52}},{"start":{"line":421,"column":56},"end":{"line":421,"column":87}}],"line":421},"49":{"loc":{"start":{"line":430,"column":4},"end":{"line":438,"column":5}},"type":"if","locations":[{"start":{"line":430,"column":4},"end":{"line":438,"column":5}},{"start":{},"end":{}}],"line":430},"50":{"loc":{"start":{"line":430,"column":8},"end":{"line":434,"column":41}},"type":"binary-expr","locations":[{"start":{"line":430,"column":8},"end":{"line":430,"column":23}},{"start":{"line":431,"column":9},"end":{"line":431,"column":36}},{"start":{"line":432,"column":10},"end":{"line":432,"column":43}},{"start":{"line":433,"column":10},"end":{"line":433,"column":38}},{"start":{"line":434,"column":10},"end":{"line":434,"column":39}}],"line":430},"51":{"loc":{"start":{"line":441,"column":4},"end":{"line":447,"column":5}},"type":"if","locations":[{"start":{"line":441,"column":4},"end":{"line":447,"column":5}},{"start":{},"end":{}}],"line":441},"52":{"loc":{"start":{"line":441,"column":8},"end":{"line":441,"column":88}},"type":"binary-expr","locations":[{"start":{"line":441,"column":8},"end":{"line":441,"column":23}},{"start":{"line":441,"column":27},"end":{"line":441,"column":60}},{"start":{"line":441,"column":64},"end":{"line":441,"column":88}}],"line":441},"53":{"loc":{"start":{"line":456,"column":4},"end":{"line":456,"column":66}},"type":"if","locations":[{"start":{"line":456,"column":4},"end":{"line":456,"column":66}},{"start":{},"end":{}}],"line":456},"54":{"loc":{"start":{"line":469,"column":11},"end":{"line":469,"column":46}},"type":"binary-expr","locations":[{"start":{"line":469,"column":11},"end":{"line":469,"column":26}},{"start":{"line":469,"column":30},"end":{"line":469,"column":46}}],"line":469},"55":{"loc":{"start":{"line":471,"column":6},"end":{"line":477,"column":7}},"type":"if","locations":[{"start":{"line":471,"column":6},"end":{"line":477,"column":7}},{"start":{"line":474,"column":13},"end":{"line":477,"column":7}}],"line":471},"56":{"loc":{"start":{"line":471,"column":10},"end":{"line":471,"column":46}},"type":"binary-expr","locations":[{"start":{"line":471,"column":10},"end":{"line":471,"column":26}},{"start":{"line":471,"column":30},"end":{"line":471,"column":46}}],"line":471},"57":{"loc":{"start":{"line":487,"column":11},"end":{"line":487,"column":46}},"type":"binary-expr","locations":[{"start":{"line":487,"column":11},"end":{"line":487,"column":26}},{"start":{"line":487,"column":30},"end":{"line":487,"column":46}}],"line":487},"58":{"loc":{"start":{"line":489,"column":6},"end":{"line":495,"column":7}},"type":"if","locations":[{"start":{"line":489,"column":6},"end":{"line":495,"column":7}},{"start":{"line":492,"column":13},"end":{"line":495,"column":7}}],"line":489},"59":{"loc":{"start":{"line":489,"column":10},"end":{"line":489,"column":46}},"type":"binary-expr","locations":[{"start":{"line":489,"column":10},"end":{"line":489,"column":26}},{"start":{"line":489,"column":30},"end":{"line":489,"column":46}}],"line":489},"60":{"loc":{"start":{"line":506,"column":6},"end":{"line":521,"column":7}},"type":"if","locations":[{"start":{"line":506,"column":6},"end":{"line":521,"column":7}},{"start":{"line":519,"column":13},"end":{"line":521,"column":7}}],"line":506},"61":{"loc":{"start":{"line":511,"column":8},"end":{"line":515,"column":9}},"type":"if","locations":[{"start":{"line":511,"column":8},"end":{"line":515,"column":9}},{"start":{},"end":{}}],"line":511},"62":{"loc":{"start":{"line":530,"column":4},"end":{"line":532,"column":5}},"type":"if","locations":[{"start":{"line":530,"column":4},"end":{"line":532,"column":5}},{"start":{},"end":{}}],"line":530},"63":{"loc":{"start":{"line":534,"column":4},"end":{"line":536,"column":5}},"type":"if","locations":[{"start":{"line":534,"column":4},"end":{"line":536,"column":5}},{"start":{},"end":{}}],"line":534},"64":{"loc":{"start":{"line":538,"column":4},"end":{"line":540,"column":5}},"type":"if","locations":[{"start":{"line":538,"column":4},"end":{"line":540,"column":5}},{"start":{},"end":{}}],"line":538},"65":{"loc":{"start":{"line":542,"column":4},"end":{"line":578,"column":5}},"type":"if","locations":[{"start":{"line":542,"column":4},"end":{"line":578,"column":5}},{"start":{},"end":{}}],"line":542},"66":{"loc":{"start":{"line":545,"column":6},"end":{"line":547,"column":7}},"type":"if","locations":[{"start":{"line":545,"column":6},"end":{"line":547,"column":7}},{"start":{},"end":{}}],"line":545},"67":{"loc":{"start":{"line":549,"column":6},"end":{"line":551,"column":7}},"type":"if","locations":[{"start":{"line":549,"column":6},"end":{"line":551,"column":7}},{"start":{},"end":{}}],"line":549},"68":{"loc":{"start":{"line":553,"column":6},"end":{"line":555,"column":7}},"type":"if","locations":[{"start":{"line":553,"column":6},"end":{"line":555,"column":7}},{"start":{},"end":{}}],"line":553},"69":{"loc":{"start":{"line":557,"column":6},"end":{"line":562,"column":7}},"type":"if","locations":[{"start":{"line":557,"column":6},"end":{"line":562,"column":7}},{"start":{},"end":{}}],"line":557},"70":{"loc":{"start":{"line":564,"column":6},"end":{"line":577,"column":7}},"type":"if","locations":[{"start":{"line":564,"column":6},"end":{"line":577,"column":7}},{"start":{},"end":{}}],"line":564},"71":{"loc":{"start":{"line":569,"column":8},"end":{"line":573,"column":9}},"type":"if","locations":[{"start":{"line":569,"column":8},"end":{"line":573,"column":9}},{"start":{},"end":{}}],"line":569},"72":{"loc":{"start":{"line":580,"column":4},"end":{"line":584,"column":5}},"type":"if","locations":[{"start":{"line":580,"column":4},"end":{"line":584,"column":5}},{"start":{},"end":{}}],"line":580},"73":{"loc":{"start":{"line":586,"column":40},"end":{"line":586,"column":78}},"type":"cond-expr","locations":[{"start":{"line":586,"column":54},"end":{"line":586,"column":70}},{"start":{"line":586,"column":73},"end":{"line":586,"column":78}}],"line":586},"74":{"loc":{"start":{"line":586,"column":83},"end":{"line":586,"column":118}},"type":"cond-expr","locations":[{"start":{"line":586,"column":97},"end":{"line":586,"column":113}},{"start":{"line":586,"column":116},"end":{"line":586,"column":118}}],"line":586}},"s":{"0":55,"1":3,"2":3,"3":3,"4":6,"5":6,"6":6,"7":6,"8":6,"9":6,"10":2,"11":2,"12":2,"13":7,"14":7,"15":7,"16":7,"17":6,"18":6,"19":6,"20":6,"21":6,"22":3,"23":3,"24":0,"25":0,"26":2,"27":2,"28":2,"29":2,"30":2,"31":2,"32":2,"33":0,"34":0,"35":0,"36":0,"37":6,"38":6,"39":0,"40":0,"41":0,"42":0,"43":0,"44":0,"45":0,"46":0,"47":2,"48":2,"49":2,"50":2,"51":2,"52":2,"53":2,"54":3,"55":3,"56":2,"57":2,"58":0,"59":7,"60":7,"61":7,"62":4,"63":4,"64":4,"65":4,"66":4,"67":7,"68":3,"69":3,"70":6,"71":3,"72":1,"73":1,"74":422,"75":216,"76":654,"77":189,"78":189,"79":189,"80":331,"81":0,"82":331,"83":127,"84":127,"85":29,"86":29,"87":98,"88":156,"89":155,"90":1,"91":7,"92":7,"93":7,"94":7,"95":3,"96":7,"97":7,"98":7,"99":0,"100":0,"101":7,"102":7,"103":7,"104":7,"105":7,"106":7,"107":6,"108":6,"109":10,"110":0,"111":10,"112":6,"113":4,"114":0,"115":4,"116":2,"117":0,"118":2,"119":2,"120":2,"121":7,"122":7,"123":7,"124":7,"125":0,"126":0,"127":7,"128":7,"129":7,"130":7,"131":3,"132":3,"133":3,"134":0,"135":0,"136":3,"137":3,"138":3,"139":7,"140":7,"141":0,"142":7,"143":7,"144":7,"145":7,"146":7,"147":7,"148":7,"149":0,"150":0,"151":7,"152":7,"153":3,"154":4,"155":7,"156":7,"157":7,"158":7,"159":6,"160":6,"161":13,"162":0,"163":0,"164":0,"165":0,"166":0,"167":13,"168":7,"169":7,"170":0,"171":0,"172":0,"173":0,"174":0,"175":7,"176":0,"177":0,"178":7,"179":7,"180":7,"181":7,"182":7,"183":6,"184":0,"185":0,"186":0,"187":0,"188":0,"189":0,"190":0,"191":0,"192":0,"193":6,"194":2,"195":2,"196":2,"197":4,"198":2,"199":2,"200":2,"201":2,"202":2,"203":2,"204":2,"205":2,"206":2,"207":0,"208":2,"209":14,"210":14,"211":14,"212":0,"213":0,"214":0,"215":0,"216":0,"217":0,"218":14,"219":14,"220":14,"221":0,"222":0,"223":0,"224":0,"225":0,"226":0,"227":14,"228":14,"229":14,"230":16,"231":2,"232":2,"233":2,"234":2,"235":0,"236":0,"237":2,"238":2,"239":14,"240":14,"241":14,"242":2,"243":12,"244":0,"245":12,"246":7,"247":5,"248":5,"249":5,"250":0,"251":5,"252":0,"253":5,"254":0,"255":5,"256":3,"257":3,"258":3,"259":3,"260":2,"261":2,"262":2,"263":2,"264":2,"265":0,"266":0,"267":2,"268":2,"269":0,"270":0,"271":0,"272":0,"273":0,"274":1,"275":4,"276":4},"f":{"0":55,"1":3,"2":6,"3":2,"4":7,"5":6,"6":3,"7":0,"8":2,"9":2,"10":2,"11":0,"12":0,"13":6,"14":0,"15":0,"16":2,"17":2,"18":3,"19":2,"20":0,"21":7,"22":4,"23":4,"24":422,"25":216,"26":654,"27":189,"28":331,"29":127,"30":156,"31":7,"32":10,"33":2,"34":7,"35":7,"36":13,"37":2,"38":14,"39":14,"40":14,"41":14,"42":14,"43":4},"b":{"0":[3,0],"1":[3,0],"2":[6,3],"3":[6,0],"4":[6,0],"5":[7,0],"6":[7,0],"7":[6,0],"8":[6,0],"9":[3,0],"10":[0,0],"11":[2,0],"12":[2,0],"13":[10,8,7],"14":[189,0],"15":[0,331],"16":[29,98],"17":[155,1],"18":[1,0],"19":[3,4],"20":[7,7,3],"21":[7,7,7,0,0],"22":[7,0],"23":[7,7,7],"24":[13,13,7],"25":[10],"26":[0,10],"27":[6,4],"28":[0,4],"29":[4,0],"30":[0,2],"31":[0,7],"32":[3,4],"33":[7,7,3],"34":[0,3],"35":[7,7],"36":[0,7],"37":[3,4],"38":[13,13],"39":[0,13],"40":[0,0],"41":[7,6],"42":[0,7],"43":[0,7],"44":[7,0],"45":[7,0],"46":[0,0],"47":[0,0],"48":[0,0,0],"49":[2,4],"50":[6,6,6,6,2],"51":[2,2],"52":[4,4,4],"53":[0,2],"54":[14,14],"55":[0,0],"56":[0,0],"57":[14,14],"58":[0,0],"59":[0,0],"60":[2,14],"61":[0,2],"62":[2,12],"63":[0,12],"64":[7,5],"65":[5,0],"66":[0,5],"67":[0,5],"68":[0,5],"69":[3,2],"70":[2,0],"71":[0,2],"72":[0,0],"73":[0,0],"74":[0,0]},"_coverageSchema":"1a1c01bbd47fc00a2c39e90264f33305004495a9","hash":"2fd3f538565a6dce87c7d57100a9d21d86ddfb49"}
,"/Users/richmondprado/Desktop/CSUN/2025/Comp 430/JSOP/src/tokenizer/dictionary.js": {"path":"/Users/richmondprado/Desktop/CSUN/2025/Comp 430/JSOP/src/tokenizer/dictionary.js","statementMap":{"0":{"start":{"line":5,"column":4},"end":{"line":7,"column":5}},"1":{"start":{"line":6,"column":8},"end":{"line":6,"column":26}},"2":{"start":{"line":8,"column":4},"end":{"line":10,"column":5}},"3":{"start":{"line":9,"column":8},"end":{"line":9,"column":24}},"4":{"start":{"line":11,"column":4},"end":{"line":13,"column":5}},"5":{"start":{"line":12,"column":8},"end":{"line":12,"column":23}},"6":{"start":{"line":14,"column":4},"end":{"line":16,"column":5}},"7":{"start":{"line":15,"column":8},"end":{"line":15,"column":24}},"8":{"start":{"line":17,"column":4},"end":{"line":17,"column":16}},"9":{"start":{"line":20,"column":17},"end":{"line":24,"column":2}},"10":{"start":{"line":26,"column":14},"end":{"line":28,"column":2}},"11":{"start":{"line":31,"column":20},"end":{"line":31,"column":24}},"12":{"start":{"line":34,"column":4},"end":{"line":115,"column":5}},"13":{"start":{"line":37,"column":12},"end":{"line":96,"column":13}},"14":{"start":{"line":39,"column":20},"end":{"line":39,"column":41}},"15":{"start":{"line":40,"column":20},"end":{"line":40,"column":26}},"16":{"start":{"line":42,"column":20},"end":{"line":42,"column":41}},"17":{"start":{"line":43,"column":20},"end":{"line":43,"column":26}},"18":{"start":{"line":45,"column":20},"end":{"line":45,"column":43}},"19":{"start":{"line":46,"column":20},"end":{"line":46,"column":26}},"20":{"start":{"line":48,"column":20},"end":{"line":48,"column":41}},"21":{"start":{"line":49,"column":20},"end":{"line":49,"column":26}},"22":{"start":{"line":51,"column":20},"end":{"line":51,"column":47}},"23":{"start":{"line":52,"column":20},"end":{"line":52,"column":26}},"24":{"start":{"line":54,"column":20},"end":{"line":54,"column":44}},"25":{"start":{"line":55,"column":20},"end":{"line":55,"column":26}},"26":{"start":{"line":57,"column":20},"end":{"line":57,"column":39}},"27":{"start":{"line":58,"column":20},"end":{"line":58,"column":26}},"28":{"start":{"line":60,"column":20},"end":{"line":60,"column":44}},"29":{"start":{"line":61,"column":20},"end":{"line":61,"column":26}},"30":{"start":{"line":63,"column":20},"end":{"line":63,"column":40}},"31":{"start":{"line":64,"column":20},"end":{"line":64,"column":26}},"32":{"start":{"line":66,"column":20},"end":{"line":66,"column":38}},"33":{"start":{"line":67,"column":20},"end":{"line":67,"column":26}},"34":{"start":{"line":69,"column":20},"end":{"line":69,"column":40}},"35":{"start":{"line":70,"column":20},"end":{"line":70,"column":26}},"36":{"start":{"line":72,"column":20},"end":{"line":72,"column":44}},"37":{"start":{"line":73,"column":20},"end":{"line":73,"column":26}},"38":{"start":{"line":75,"column":20},"end":{"line":75,"column":43}},"39":{"start":{"line":76,"column":20},"end":{"line":76,"column":26}},"40":{"start":{"line":78,"column":20},"end":{"line":78,"column":43}},"41":{"start":{"line":79,"column":20},"end":{"line":79,"column":26}},"42":{"start":{"line":81,"column":20},"end":{"line":81,"column":48}},"43":{"start":{"line":82,"column":20},"end":{"line":82,"column":26}},"44":{"start":{"line":84,"column":20},"end":{"line":84,"column":48}},"45":{"start":{"line":85,"column":20},"end":{"line":85,"column":26}},"46":{"start":{"line":90,"column":20},"end":{"line":90,"column":37}},"47":{"start":{"line":91,"column":20},"end":{"line":91,"column":26}},"48":{"start":{"line":94,"column":20},"end":{"line":94,"column":41}},"49":{"start":{"line":95,"column":20},"end":{"line":95,"column":26}},"50":{"start":{"line":97,"column":12},"end":{"line":97,"column":18}},"51":{"start":{"line":101,"column":12},"end":{"line":107,"column":13}},"52":{"start":{"line":102,"column":16},"end":{"line":102,"column":38}},"53":{"start":{"line":103,"column":19},"end":{"line":107,"column":13}},"54":{"start":{"line":104,"column":16},"end":{"line":104,"column":35}},"55":{"start":{"line":106,"column":16},"end":{"line":106,"column":41}},"56":{"start":{"line":108,"column":12},"end":{"line":108,"column":18}},"57":{"start":{"line":113,"column":12},"end":{"line":113,"column":34}},"58":{"start":{"line":114,"column":12},"end":{"line":114,"column":18}},"59":{"start":{"line":117,"column":4},"end":{"line":117,"column":45}}},"fnMap":{"0":{"name":"get_char_data","decl":{"start":{"line":4,"column":16},"end":{"line":4,"column":29}},"loc":{"start":{"line":4,"column":36},"end":{"line":18,"column":1}},"line":4},"1":{"name":"set_token","decl":{"start":{"line":30,"column":16},"end":{"line":30,"column":25}},"loc":{"start":{"line":30,"column":39},"end":{"line":118,"column":1}},"line":30}},"branchMap":{"0":{"loc":{"start":{"line":5,"column":4},"end":{"line":7,"column":5}},"type":"if","locations":[{"start":{"line":5,"column":4},"end":{"line":7,"column":5}},{"start":{},"end":{}}],"line":5},"1":{"loc":{"start":{"line":8,"column":4},"end":{"line":10,"column":5}},"type":"if","locations":[{"start":{"line":8,"column":4},"end":{"line":10,"column":5}},{"start":{},"end":{}}],"line":8},"2":{"loc":{"start":{"line":11,"column":4},"end":{"line":13,"column":5}},"type":"if","locations":[{"start":{"line":11,"column":4},"end":{"line":13,"column":5}},{"start":{},"end":{}}],"line":11},"3":{"loc":{"start":{"line":14,"column":4},"end":{"line":16,"column":5}},"type":"if","locations":[{"start":{"line":14,"column":4},"end":{"line":16,"column":5}},{"start":{},"end":{}}],"line":14},"4":{"loc":{"start":{"line":34,"column":4},"end":{"line":115,"column":5}},"type":"switch","locations":[{"start":{"line":35,"column":8},"end":{"line":97,"column":18}},{"start":{"line":99,"column":8},"end":{"line":108,"column":18}},{"start":{"line":112,"column":8},"end":{"line":114,"column":18}}],"line":34},"5":{"loc":{"start":{"line":37,"column":12},"end":{"line":96,"column":13}},"type":"switch","locations":[{"start":{"line":38,"column":16},"end":{"line":40,"column":26}},{"start":{"line":41,"column":16},"end":{"line":43,"column":26}},{"start":{"line":44,"column":16},"end":{"line":46,"column":26}},{"start":{"line":47,"column":16},"end":{"line":49,"column":26}},{"start":{"line":50,"column":16},"end":{"line":52,"column":26}},{"start":{"line":53,"column":16},"end":{"line":55,"column":26}},{"start":{"line":56,"column":16},"end":{"line":58,"column":26}},{"start":{"line":59,"column":16},"end":{"line":61,"column":26}},{"start":{"line":62,"column":16},"end":{"line":64,"column":26}},{"start":{"line":65,"column":16},"end":{"line":67,"column":26}},{"start":{"line":68,"column":16},"end":{"line":70,"column":26}},{"start":{"line":71,"column":16},"end":{"line":73,"column":26}},{"start":{"line":74,"column":16},"end":{"line":76,"column":26}},{"start":{"line":77,"column":16},"end":{"line":79,"column":26}},{"start":{"line":80,"column":16},"end":{"line":82,"column":26}},{"start":{"line":83,"column":16},"end":{"line":85,"column":26}},{"start":{"line":86,"column":16},"end":{"line":86,"column":25}},{"start":{"line":87,"column":16},"end":{"line":87,"column":25}},{"start":{"line":88,"column":16},"end":{"line":88,"column":25}},{"start":{"line":89,"column":16},"end":{"line":91,"column":26}},{"start":{"line":93,"column":16},"end":{"line":95,"column":26}}],"line":37},"6":{"loc":{"start":{"line":101,"column":12},"end":{"line":107,"column":13}},"type":"if","locations":[{"start":{"line":101,"column":12},"end":{"line":107,"column":13}},{"start":{"line":103,"column":19},"end":{"line":107,"column":13}}],"line":101},"7":{"loc":{"start":{"line":103,"column":19},"end":{"line":107,"column":13}},"type":"if","locations":[{"start":{"line":103,"column":19},"end":{"line":107,"column":13}},{"start":{"line":105,"column":19},"end":{"line":107,"column":13}}],"line":103}},"s":{"0":1606,"1":665,"2":941,"3":31,"4":910,"5":496,"6":414,"7":407,"8":7,"9":2,"10":2,"11":293,"12":293,"13":172,"14":33,"15":33,"16":33,"17":33,"18":1,"19":1,"20":4,"21":4,"22":1,"23":1,"24":1,"25":1,"26":1,"27":1,"28":1,"29":1,"30":2,"31":2,"32":3,"33":3,"34":1,"35":1,"36":28,"37":28,"38":1,"39":1,"40":1,"41":1,"42":27,"43":27,"44":27,"45":27,"46":6,"47":6,"48":1,"49":1,"50":172,"51":121,"52":49,"53":72,"54":8,"55":64,"56":121,"57":0,"58":0,"59":293},"f":{"0":1606,"1":293},"b":{"0":[665,941],"1":[31,910],"2":[496,414],"3":[407,7],"4":[172,121,0],"5":[33,33,1,4,1,1,1,1,2,3,1,28,1,1,27,27,1,2,6,6,1],"6":[49,72],"7":[8,64]},"_coverageSchema":"1a1c01bbd47fc00a2c39e90264f33305004495a9","hash":"3710f9039c9b0aefb3e1d0a2fd7115a932e534ce"}
,"/Users/richmondprado/Desktop/CSUN/2025/Comp 430/JSOP/src/tokenizer/lexer.js": {"path":"/Users/richmondprado/Desktop/CSUN/2025/Comp 430/JSOP/src/tokenizer/lexer.js","statementMap":{"0":{"start":{"line":7,"column":8},"end":{"line":7,"column":33}},"1":{"start":{"line":8,"column":8},"end":{"line":8,"column":26}},"2":{"start":{"line":9,"column":8},"end":{"line":9,"column":25}},"3":{"start":{"line":10,"column":8},"end":{"line":10,"column":32}},"4":{"start":{"line":11,"column":8},"end":{"line":11,"column":23}},"5":{"start":{"line":12,"column":8},"end":{"line":12,"column":34}},"6":{"start":{"line":16,"column":23},"end":{"line":16,"column":24}},"7":{"start":{"line":17,"column":21},"end":{"line":17,"column":23}},"8":{"start":{"line":18,"column":28},"end":{"line":18,"column":30}},"9":{"start":{"line":19,"column":20},"end":{"line":19,"column":21}},"10":{"start":{"line":20,"column":30},"end":{"line":20,"column":32}},"11":{"start":{"line":21,"column":8},"end":{"line":164,"column":9}},"12":{"start":{"line":22,"column":30},"end":{"line":22,"column":56}},"13":{"start":{"line":23,"column":23},"end":{"line":23,"column":49}},"14":{"start":{"line":25,"column":12},"end":{"line":163,"column":13}},"15":{"start":{"line":27,"column":20},"end":{"line":39,"column":21}},"16":{"start":{"line":28,"column":24},"end":{"line":28,"column":39}},"17":{"start":{"line":29,"column":27},"end":{"line":39,"column":21}},"18":{"start":{"line":30,"column":24},"end":{"line":30,"column":39}},"19":{"start":{"line":31,"column":27},"end":{"line":39,"column":21}},"20":{"start":{"line":32,"column":24},"end":{"line":32,"column":39}},"21":{"start":{"line":33,"column":27},"end":{"line":39,"column":21}},"22":{"start":{"line":34,"column":24},"end":{"line":34,"column":59}},"23":{"start":{"line":35,"column":24},"end":{"line":35,"column":48}},"24":{"start":{"line":36,"column":24},"end":{"line":36,"column":39}},"25":{"start":{"line":38,"column":20},"end":{"line":38,"column":36}},"26":{"start":{"line":41,"column":20},"end":{"line":41,"column":26}},"27":{"start":{"line":44,"column":20},"end":{"line":44,"column":53}},"28":{"start":{"line":46,"column":20},"end":{"line":56,"column":21}},"29":{"start":{"line":47,"column":39},"end":{"line":47,"column":69}},"30":{"start":{"line":48,"column":43},"end":{"line":48,"column":66}},"31":{"start":{"line":50,"column":24},"end":{"line":55,"column":25}},"32":{"start":{"line":51,"column":28},"end":{"line":51,"column":44}},"33":{"start":{"line":52,"column":28},"end":{"line":52,"column":59}},"34":{"start":{"line":54,"column":28},"end":{"line":54,"column":34}},"35":{"start":{"line":59,"column":20},"end":{"line":59,"column":76}},"36":{"start":{"line":60,"column":20},"end":{"line":60,"column":81}},"37":{"start":{"line":63,"column":20},"end":{"line":63,"column":44}},"38":{"start":{"line":64,"column":20},"end":{"line":64,"column":36}},"39":{"start":{"line":65,"column":20},"end":{"line":65,"column":35}},"40":{"start":{"line":66,"column":20},"end":{"line":66,"column":26}},"41":{"start":{"line":69,"column":20},"end":{"line":69,"column":53}},"42":{"start":{"line":71,"column":20},"end":{"line":81,"column":21}},"43":{"start":{"line":72,"column":39},"end":{"line":72,"column":69}},"44":{"start":{"line":73,"column":43},"end":{"line":73,"column":66}},"45":{"start":{"line":75,"column":24},"end":{"line":80,"column":25}},"46":{"start":{"line":76,"column":28},"end":{"line":76,"column":44}},"47":{"start":{"line":77,"column":28},"end":{"line":77,"column":59}},"48":{"start":{"line":79,"column":28},"end":{"line":79,"column":34}},"49":{"start":{"line":84,"column":20},"end":{"line":84,"column":86}},"50":{"start":{"line":87,"column":20},"end":{"line":87,"column":44}},"51":{"start":{"line":88,"column":20},"end":{"line":88,"column":36}},"52":{"start":{"line":89,"column":20},"end":{"line":89,"column":35}},"53":{"start":{"line":90,"column":20},"end":{"line":90,"column":26}},"54":{"start":{"line":93,"column":24},"end":{"line":93,"column":57}},"55":{"start":{"line":96,"column":24},"end":{"line":106,"column":21}},"56":{"start":{"line":97,"column":43},"end":{"line":97,"column":73}},"57":{"start":{"line":99,"column":28},"end":{"line":105,"column":25}},"58":{"start":{"line":103,"column":28},"end":{"line":103,"column":59}},"59":{"start":{"line":104,"column":28},"end":{"line":104,"column":44}},"60":{"start":{"line":110,"column":24},"end":{"line":110,"column":76}},"61":{"start":{"line":113,"column":24},"end":{"line":113,"column":85}},"62":{"start":{"line":116,"column":24},"end":{"line":116,"column":48}},"63":{"start":{"line":117,"column":24},"end":{"line":117,"column":40}},"64":{"start":{"line":118,"column":24},"end":{"line":118,"column":39}},"65":{"start":{"line":119,"column":24},"end":{"line":119,"column":30}},"66":{"start":{"line":121,"column":20},"end":{"line":121,"column":36}},"67":{"start":{"line":122,"column":20},"end":{"line":135,"column":21}},"68":{"start":{"line":123,"column":39},"end":{"line":123,"column":65}},"69":{"start":{"line":124,"column":24},"end":{"line":133,"column":25}},"70":{"start":{"line":126,"column":28},"end":{"line":126,"column":93}},"71":{"start":{"line":127,"column":28},"end":{"line":127,"column":52}},"72":{"start":{"line":128,"column":28},"end":{"line":128,"column":44}},"73":{"start":{"line":129,"column":28},"end":{"line":129,"column":43}},"74":{"start":{"line":130,"column":28},"end":{"line":130,"column":34}},"75":{"start":{"line":132,"column":28},"end":{"line":132,"column":59}},"76":{"start":{"line":134,"column":24},"end":{"line":134,"column":40}},"77":{"start":{"line":137,"column":20},"end":{"line":139,"column":21}},"78":{"start":{"line":138,"column":24},"end":{"line":138,"column":69}},"79":{"start":{"line":140,"column":20},"end":{"line":140,"column":26}},"80":{"start":{"line":142,"column":24},"end":{"line":142,"column":40}},"81":{"start":{"line":143,"column":24},"end":{"line":157,"column":25}},"82":{"start":{"line":144,"column":43},"end":{"line":144,"column":69}},"83":{"start":{"line":145,"column":28},"end":{"line":155,"column":29}},"84":{"start":{"line":147,"column":32},"end":{"line":147,"column":91}},"85":{"start":{"line":148,"column":32},"end":{"line":148,"column":93}},"86":{"start":{"line":149,"column":32},"end":{"line":149,"column":56}},"87":{"start":{"line":150,"column":32},"end":{"line":150,"column":48}},"88":{"start":{"line":151,"column":32},"end":{"line":151,"column":47}},"89":{"start":{"line":152,"column":32},"end":{"line":152,"column":38}},"90":{"start":{"line":154,"column":32},"end":{"line":154,"column":63}},"91":{"start":{"line":156,"column":28},"end":{"line":156,"column":44}},"92":{"start":{"line":159,"column":24},"end":{"line":161,"column":25}},"93":{"start":{"line":160,"column":28},"end":{"line":160,"column":73}},"94":{"start":{"line":162,"column":24},"end":{"line":162,"column":30}},"95":{"start":{"line":169,"column":24},"end":{"line":173,"column":1}},"96":{"start":{"line":170,"column":18},"end":{"line":170,"column":39}},"97":{"start":{"line":171,"column":4},"end":{"line":171,"column":21}},"98":{"start":{"line":172,"column":4},"end":{"line":172,"column":24}}},"fnMap":{"0":{"name":"(anonymous_0)","decl":{"start":{"line":6,"column":4},"end":{"line":6,"column":5}},"loc":{"start":{"line":6,"column":28},"end":{"line":13,"column":5}},"line":6},"1":{"name":"(anonymous_1)","decl":{"start":{"line":15,"column":4},"end":{"line":15,"column":5}},"loc":{"start":{"line":15,"column":15},"end":{"line":165,"column":5}},"line":15},"2":{"name":"(anonymous_2)","decl":{"start":{"line":169,"column":24},"end":{"line":169,"column":25}},"loc":{"start":{"line":169,"column":40},"end":{"line":173,"column":1}},"line":169}},"branchMap":{"0":{"loc":{"start":{"line":25,"column":12},"end":{"line":163,"column":13}},"type":"switch","locations":[{"start":{"line":26,"column":16},"end":{"line":41,"column":26}},{"start":{"line":43,"column":16},"end":{"line":66,"column":26}},{"start":{"line":68,"column":20},"end":{"line":90,"column":26}},{"start":{"line":92,"column":20},"end":{"line":119,"column":30}},{"start":{"line":120,"column":21},"end":{"line":140,"column":26}},{"start":{"line":141,"column":16},"end":{"line":162,"column":30}}],"line":25},"1":{"loc":{"start":{"line":27,"column":20},"end":{"line":39,"column":21}},"type":"if","locations":[{"start":{"line":27,"column":20},"end":{"line":39,"column":21}},{"start":{"line":29,"column":27},"end":{"line":39,"column":21}}],"line":27},"2":{"loc":{"start":{"line":29,"column":27},"end":{"line":39,"column":21}},"type":"if","locations":[{"start":{"line":29,"column":27},"end":{"line":39,"column":21}},{"start":{"line":31,"column":27},"end":{"line":39,"column":21}}],"line":29},"3":{"loc":{"start":{"line":31,"column":27},"end":{"line":39,"column":21}},"type":"if","locations":[{"start":{"line":31,"column":27},"end":{"line":39,"column":21}},{"start":{"line":33,"column":27},"end":{"line":39,"column":21}}],"line":31},"4":{"loc":{"start":{"line":33,"column":27},"end":{"line":39,"column":21}},"type":"if","locations":[{"start":{"line":33,"column":27},"end":{"line":39,"column":21}},{"start":{"line":37,"column":26},"end":{"line":39,"column":21}}],"line":33},"5":{"loc":{"start":{"line":33,"column":31},"end":{"line":33,"column":73}},"type":"binary-expr","locations":[{"start":{"line":33,"column":31},"end":{"line":33,"column":50}},{"start":{"line":33,"column":54},"end":{"line":33,"column":73}}],"line":33},"6":{"loc":{"start":{"line":50,"column":24},"end":{"line":55,"column":25}},"type":"if","locations":[{"start":{"line":50,"column":24},"end":{"line":55,"column":25}},{"start":{"line":53,"column":31},"end":{"line":55,"column":25}}],"line":50},"7":{"loc":{"start":{"line":50,"column":28},"end":{"line":50,"column":84}},"type":"binary-expr","locations":[{"start":{"line":50,"column":28},"end":{"line":50,"column":55}},{"start":{"line":50,"column":59},"end":{"line":50,"column":84}}],"line":50},"8":{"loc":{"start":{"line":75,"column":24},"end":{"line":80,"column":25}},"type":"if","locations":[{"start":{"line":75,"column":24},"end":{"line":80,"column":25}},{"start":{"line":78,"column":31},"end":{"line":80,"column":25}}],"line":75},"9":{"loc":{"start":{"line":96,"column":24},"end":{"line":106,"column":21}},"type":"if","locations":[{"start":{"line":96,"column":24},"end":{"line":106,"column":21}},{"start":{},"end":{}}],"line":96},"10":{"loc":{"start":{"line":99,"column":28},"end":{"line":105,"column":25}},"type":"if","locations":[{"start":{"line":99,"column":28},"end":{"line":105,"column":25}},{"start":{},"end":{}}],"line":99},"11":{"loc":{"start":{"line":99,"column":32},"end":{"line":101,"column":76}},"type":"binary-expr","locations":[{"start":{"line":99,"column":33},"end":{"line":99,"column":59}},{"start":{"line":99,"column":63},"end":{"line":99,"column":79}},{"start":{"line":100,"column":29},"end":{"line":100,"column":55}},{"start":{"line":100,"column":59},"end":{"line":100,"column":75}},{"start":{"line":101,"column":29},"end":{"line":101,"column":55}},{"start":{"line":101,"column":59},"end":{"line":101,"column":75}}],"line":99},"12":{"loc":{"start":{"line":124,"column":24},"end":{"line":133,"column":25}},"type":"if","locations":[{"start":{"line":124,"column":24},"end":{"line":133,"column":25}},{"start":{"line":131,"column":31},"end":{"line":133,"column":25}}],"line":124},"13":{"loc":{"start":{"line":137,"column":20},"end":{"line":139,"column":21}},"type":"if","locations":[{"start":{"line":137,"column":20},"end":{"line":139,"column":21}},{"start":{},"end":{}}],"line":137},"14":{"loc":{"start":{"line":145,"column":28},"end":{"line":155,"column":29}},"type":"if","locations":[{"start":{"line":145,"column":28},"end":{"line":155,"column":29}},{"start":{"line":153,"column":35},"end":{"line":155,"column":29}}],"line":145},"15":{"loc":{"start":{"line":159,"column":24},"end":{"line":161,"column":25}},"type":"if","locations":[{"start":{"line":159,"column":24},"end":{"line":161,"column":25}},{"start":{},"end":{}}],"line":159}},"s":{"0":17,"1":17,"2":17,"3":17,"4":17,"5":17,"6":17,"7":17,"8":17,"9":17,"10":17,"11":17,"12":1043,"13":1043,"14":1043,"15":737,"16":121,"17":616,"18":12,"19":604,"20":172,"21":432,"22":1,"23":1,"24":1,"25":431,"26":737,"27":121,"28":121,"29":546,"30":546,"31":546,"32":425,"33":425,"34":121,"35":121,"36":121,"37":121,"38":121,"39":121,"40":121,"41":12,"42":12,"43":17,"44":17,"45":17,"46":5,"47":5,"48":12,"49":12,"50":12,"51":12,"52":12,"53":12,"54":172,"55":172,"56":161,"57":161,"58":3,"59":3,"60":172,"61":172,"62":172,"63":172,"64":172,"65":172,"66":1,"67":1,"68":1,"69":1,"70":1,"71":1,"72":1,"73":1,"74":1,"75":0,"76":0,"77":1,"78":1,"79":1,"80":0,"81":0,"82":0,"83":0,"84":0,"85":0,"86":0,"87":0,"88":0,"89":0,"90":0,"91":0,"92":0,"93":0,"94":0,"95":2,"96":17,"97":17,"98":17},"f":{"0":17,"1":17,"2":17},"b":{"0":[737,121,12,172,1,0],"1":[121,616],"2":[12,604],"3":[172,432],"4":[1,431],"5":[432,431],"6":[425,121],"7":[546,123],"8":[5,12],"9":[161,11],"10":[3,158],"11":[161,5,160,1,159,2],"12":[1,0],"13":[1,0],"14":[0,0],"15":[0,0]},"_coverageSchema":"1a1c01bbd47fc00a2c39e90264f33305004495a9","hash":"06823d317133db95480f308810a76987b93565a7"}
,"/Users/richmondprado/Desktop/CSUN/2025/Comp 430/JSOP/src/tokenizer/token.js": {"path":"/Users/richmondprado/Desktop/CSUN/2025/Comp 430/JSOP/src/tokenizer/token.js","statementMap":{"0":{"start":{"line":3,"column":8},"end":{"line":3,"column":25}},"1":{"start":{"line":4,"column":8},"end":{"line":4,"column":25}}},"fnMap":{"0":{"name":"(anonymous_0)","decl":{"start":{"line":2,"column":4},"end":{"line":2,"column":5}},"loc":{"start":{"line":2,"column":28},"end":{"line":5,"column":5}},"line":2}},"branchMap":{},"s":{"0":401,"1":401},"f":{"0":401},"b":{},"_coverageSchema":"1a1c01bbd47fc00a2c39e90264f33305004495a9","hash":"5271ab846adf22ac176a8efb33deae204eb360db"}
,"/Users/richmondprado/Desktop/CSUN/2025/Comp 430/JSOP/tests/tokenizer/tokenizeError.js": {"path":"/Users/richmondprado/Desktop/CSUN/2025/Comp 430/JSOP/tests/tokenizer/tokenizeError.js","statementMap":{"0":{"start":{"line":3,"column":4},"end":{"line":3,"column":19}}},"fnMap":{"0":{"name":"(anonymous_0)","decl":{"start":{"line":2,"column":2},"end":{"line":2,"column":3}},"loc":{"start":{"line":2,"column":22},"end":{"line":4,"column":3}},"line":2}},"branchMap":{},"s":{"0":0},"f":{"0":0},"b":{},"_coverageSchema":"1a1c01bbd47fc00a2c39e90264f33305004495a9","hash":"1f5d64f493a5233d4c86dcd2889fdaf51666faa4"}
}
