{"C:\\Users\\chris\\Documents\\GitHub\\JSOP\\src\\tokenizer\\dictionary.js": {"path":"C:\\Users\\chris\\Documents\\GitHub\\JSOP\\src\\tokenizer\\dictionary.js","statementMap":{"0":{"start":{"line":5,"column":4},"end":{"line":7,"column":5}},"1":{"start":{"line":6,"column":8},"end":{"line":6,"column":26}},"2":{"start":{"line":8,"column":4},"end":{"line":10,"column":5}},"3":{"start":{"line":9,"column":8},"end":{"line":9,"column":24}},"4":{"start":{"line":11,"column":4},"end":{"line":13,"column":5}},"5":{"start":{"line":12,"column":8},"end":{"line":12,"column":23}},"6":{"start":{"line":14,"column":4},"end":{"line":16,"column":5}},"7":{"start":{"line":15,"column":8},"end":{"line":15,"column":24}},"8":{"start":{"line":17,"column":4},"end":{"line":17,"column":16}},"9":{"start":{"line":20,"column":17},"end":{"line":24,"column":2}},"10":{"start":{"line":26,"column":14},"end":{"line":28,"column":2}},"11":{"start":{"line":31,"column":20},"end":{"line":31,"column":24}},"12":{"start":{"line":34,"column":4},"end":{"line":115,"column":5}},"13":{"start":{"line":37,"column":12},"end":{"line":96,"column":13}},"14":{"start":{"line":39,"column":20},"end":{"line":39,"column":41}},"15":{"start":{"line":40,"column":20},"end":{"line":40,"column":26}},"16":{"start":{"line":42,"column":20},"end":{"line":42,"column":41}},"17":{"start":{"line":43,"column":20},"end":{"line":43,"column":26}},"18":{"start":{"line":45,"column":20},"end":{"line":45,"column":43}},"19":{"start":{"line":46,"column":20},"end":{"line":46,"column":26}},"20":{"start":{"line":48,"column":20},"end":{"line":48,"column":41}},"21":{"start":{"line":49,"column":20},"end":{"line":49,"column":26}},"22":{"start":{"line":51,"column":20},"end":{"line":51,"column":47}},"23":{"start":{"line":52,"column":20},"end":{"line":52,"column":26}},"24":{"start":{"line":54,"column":20},"end":{"line":54,"column":44}},"25":{"start":{"line":55,"column":20},"end":{"line":55,"column":26}},"26":{"start":{"line":57,"column":20},"end":{"line":57,"column":39}},"27":{"start":{"line":58,"column":20},"end":{"line":58,"column":26}},"28":{"start":{"line":60,"column":20},"end":{"line":60,"column":44}},"29":{"start":{"line":61,"column":20},"end":{"line":61,"column":26}},"30":{"start":{"line":63,"column":20},"end":{"line":63,"column":40}},"31":{"start":{"line":64,"column":20},"end":{"line":64,"column":26}},"32":{"start":{"line":66,"column":20},"end":{"line":66,"column":38}},"33":{"start":{"line":67,"column":20},"end":{"line":67,"column":26}},"34":{"start":{"line":69,"column":20},"end":{"line":69,"column":40}},"35":{"start":{"line":70,"column":20},"end":{"line":70,"column":26}},"36":{"start":{"line":72,"column":20},"end":{"line":72,"column":44}},"37":{"start":{"line":73,"column":20},"end":{"line":73,"column":26}},"38":{"start":{"line":75,"column":20},"end":{"line":75,"column":43}},"39":{"start":{"line":76,"column":20},"end":{"line":76,"column":26}},"40":{"start":{"line":78,"column":20},"end":{"line":78,"column":43}},"41":{"start":{"line":79,"column":20},"end":{"line":79,"column":26}},"42":{"start":{"line":81,"column":20},"end":{"line":81,"column":48}},"43":{"start":{"line":82,"column":20},"end":{"line":82,"column":26}},"44":{"start":{"line":84,"column":20},"end":{"line":84,"column":48}},"45":{"start":{"line":85,"column":20},"end":{"line":85,"column":26}},"46":{"start":{"line":90,"column":20},"end":{"line":90,"column":37}},"47":{"start":{"line":91,"column":20},"end":{"line":91,"column":26}},"48":{"start":{"line":94,"column":20},"end":{"line":94,"column":41}},"49":{"start":{"line":95,"column":20},"end":{"line":95,"column":26}},"50":{"start":{"line":97,"column":12},"end":{"line":97,"column":18}},"51":{"start":{"line":101,"column":12},"end":{"line":107,"column":13}},"52":{"start":{"line":102,"column":16},"end":{"line":102,"column":38}},"53":{"start":{"line":103,"column":19},"end":{"line":107,"column":13}},"54":{"start":{"line":104,"column":16},"end":{"line":104,"column":35}},"55":{"start":{"line":106,"column":16},"end":{"line":106,"column":41}},"56":{"start":{"line":108,"column":12},"end":{"line":108,"column":18}},"57":{"start":{"line":113,"column":12},"end":{"line":113,"column":34}},"58":{"start":{"line":114,"column":12},"end":{"line":114,"column":18}},"59":{"start":{"line":117,"column":4},"end":{"line":117,"column":45}}},"fnMap":{"0":{"name":"get_char_data","decl":{"start":{"line":4,"column":16},"end":{"line":4,"column":29}},"loc":{"start":{"line":4,"column":36},"end":{"line":18,"column":1}},"line":4},"1":{"name":"set_token","decl":{"start":{"line":30,"column":16},"end":{"line":30,"column":25}},"loc":{"start":{"line":30,"column":39},"end":{"line":118,"column":1}},"line":30}},"branchMap":{"0":{"loc":{"start":{"line":5,"column":4},"end":{"line":7,"column":5}},"type":"if","locations":[{"start":{"line":5,"column":4},"end":{"line":7,"column":5}},{"start":{},"end":{}}],"line":5},"1":{"loc":{"start":{"line":8,"column":4},"end":{"line":10,"column":5}},"type":"if","locations":[{"start":{"line":8,"column":4},"end":{"line":10,"column":5}},{"start":{},"end":{}}],"line":8},"2":{"loc":{"start":{"line":11,"column":4},"end":{"line":13,"column":5}},"type":"if","locations":[{"start":{"line":11,"column":4},"end":{"line":13,"column":5}},{"start":{},"end":{}}],"line":11},"3":{"loc":{"start":{"line":14,"column":4},"end":{"line":16,"column":5}},"type":"if","locations":[{"start":{"line":14,"column":4},"end":{"line":16,"column":5}},{"start":{},"end":{}}],"line":14},"4":{"loc":{"start":{"line":34,"column":4},"end":{"line":115,"column":5}},"type":"switch","locations":[{"start":{"line":35,"column":8},"end":{"line":97,"column":18}},{"start":{"line":99,"column":8},"end":{"line":108,"column":18}},{"start":{"line":112,"column":8},"end":{"line":114,"column":18}}],"line":34},"5":{"loc":{"start":{"line":37,"column":12},"end":{"line":96,"column":13}},"type":"switch","locations":[{"start":{"line":38,"column":16},"end":{"line":40,"column":26}},{"start":{"line":41,"column":16},"end":{"line":43,"column":26}},{"start":{"line":44,"column":16},"end":{"line":46,"column":26}},{"start":{"line":47,"column":16},"end":{"line":49,"column":26}},{"start":{"line":50,"column":16},"end":{"line":52,"column":26}},{"start":{"line":53,"column":16},"end":{"line":55,"column":26}},{"start":{"line":56,"column":16},"end":{"line":58,"column":26}},{"start":{"line":59,"column":16},"end":{"line":61,"column":26}},{"start":{"line":62,"column":16},"end":{"line":64,"column":26}},{"start":{"line":65,"column":16},"end":{"line":67,"column":26}},{"start":{"line":68,"column":16},"end":{"line":70,"column":26}},{"start":{"line":71,"column":16},"end":{"line":73,"column":26}},{"start":{"line":74,"column":16},"end":{"line":76,"column":26}},{"start":{"line":77,"column":16},"end":{"line":79,"column":26}},{"start":{"line":80,"column":16},"end":{"line":82,"column":26}},{"start":{"line":83,"column":16},"end":{"line":85,"column":26}},{"start":{"line":86,"column":16},"end":{"line":86,"column":25}},{"start":{"line":87,"column":16},"end":{"line":87,"column":25}},{"start":{"line":88,"column":16},"end":{"line":88,"column":25}},{"start":{"line":89,"column":16},"end":{"line":91,"column":26}},{"start":{"line":93,"column":16},"end":{"line":95,"column":26}}],"line":37},"6":{"loc":{"start":{"line":101,"column":12},"end":{"line":107,"column":13}},"type":"if","locations":[{"start":{"line":101,"column":12},"end":{"line":107,"column":13}},{"start":{"line":103,"column":19},"end":{"line":107,"column":13}}],"line":101},"7":{"loc":{"start":{"line":103,"column":19},"end":{"line":107,"column":13}},"type":"if","locations":[{"start":{"line":103,"column":19},"end":{"line":107,"column":13}},{"start":{"line":105,"column":19},"end":{"line":107,"column":13}}],"line":103}},"s":{"0":371,"1":190,"2":181,"3":12,"4":169,"5":55,"6":114,"7":114,"8":0,"9":1,"10":1,"11":81,"12":81,"13":47,"14":8,"15":8,"16":8,"17":8,"18":1,"19":1,"20":1,"21":1,"22":0,"23":0,"24":0,"25":0,"26":0,"27":0,"28":0,"29":0,"30":2,"31":2,"32":0,"33":0,"34":1,"35":1,"36":7,"37":7,"38":0,"39":0,"40":0,"41":0,"42":6,"43":6,"44":6,"45":6,"46":6,"47":6,"48":1,"49":1,"50":47,"51":34,"52":9,"53":25,"54":5,"55":20,"56":34,"57":0,"58":0,"59":81},"f":{"0":371,"1":81},"b":{"0":[190,181],"1":[12,169],"2":[55,114],"3":[114,0],"4":[47,34,0],"5":[8,8,1,1,0,0,0,0,2,0,1,7,0,0,6,6,1,2,6,6,1],"6":[9,25],"7":[5,20]},"_coverageSchema":"1a1c01bbd47fc00a2c39e90264f33305004495a9","hash":"6d1932102557527bcfe3754c00de10378cad912e"}
,"C:\\Users\\chris\\Documents\\GitHub\\JSOP\\src\\tokenizer\\lexer.js": {"path":"C:\\Users\\chris\\Documents\\GitHub\\JSOP\\src\\tokenizer\\lexer.js","statementMap":{"0":{"start":{"line":7,"column":8},"end":{"line":7,"column":33}},"1":{"start":{"line":8,"column":8},"end":{"line":8,"column":26}},"2":{"start":{"line":9,"column":8},"end":{"line":9,"column":25}},"3":{"start":{"line":10,"column":8},"end":{"line":10,"column":32}},"4":{"start":{"line":11,"column":8},"end":{"line":11,"column":23}},"5":{"start":{"line":12,"column":8},"end":{"line":12,"column":34}},"6":{"start":{"line":16,"column":23},"end":{"line":16,"column":24}},"7":{"start":{"line":17,"column":21},"end":{"line":17,"column":23}},"8":{"start":{"line":18,"column":28},"end":{"line":18,"column":30}},"9":{"start":{"line":19,"column":20},"end":{"line":19,"column":21}},"10":{"start":{"line":20,"column":30},"end":{"line":20,"column":32}},"11":{"start":{"line":21,"column":8},"end":{"line":164,"column":9}},"12":{"start":{"line":22,"column":30},"end":{"line":22,"column":56}},"13":{"start":{"line":23,"column":23},"end":{"line":23,"column":49}},"14":{"start":{"line":25,"column":12},"end":{"line":163,"column":13}},"15":{"start":{"line":27,"column":20},"end":{"line":39,"column":21}},"16":{"start":{"line":28,"column":24},"end":{"line":28,"column":39}},"17":{"start":{"line":29,"column":27},"end":{"line":39,"column":21}},"18":{"start":{"line":30,"column":24},"end":{"line":30,"column":39}},"19":{"start":{"line":31,"column":27},"end":{"line":39,"column":21}},"20":{"start":{"line":32,"column":24},"end":{"line":32,"column":39}},"21":{"start":{"line":33,"column":27},"end":{"line":39,"column":21}},"22":{"start":{"line":34,"column":24},"end":{"line":34,"column":59}},"23":{"start":{"line":35,"column":24},"end":{"line":35,"column":48}},"24":{"start":{"line":36,"column":24},"end":{"line":36,"column":39}},"25":{"start":{"line":38,"column":20},"end":{"line":38,"column":36}},"26":{"start":{"line":41,"column":20},"end":{"line":41,"column":26}},"27":{"start":{"line":44,"column":20},"end":{"line":44,"column":53}},"28":{"start":{"line":46,"column":20},"end":{"line":56,"column":21}},"29":{"start":{"line":47,"column":39},"end":{"line":47,"column":69}},"30":{"start":{"line":48,"column":43},"end":{"line":48,"column":66}},"31":{"start":{"line":50,"column":24},"end":{"line":55,"column":25}},"32":{"start":{"line":51,"column":28},"end":{"line":51,"column":44}},"33":{"start":{"line":52,"column":28},"end":{"line":52,"column":59}},"34":{"start":{"line":54,"column":28},"end":{"line":54,"column":34}},"35":{"start":{"line":59,"column":20},"end":{"line":59,"column":76}},"36":{"start":{"line":60,"column":20},"end":{"line":60,"column":81}},"37":{"start":{"line":63,"column":20},"end":{"line":63,"column":44}},"38":{"start":{"line":64,"column":20},"end":{"line":64,"column":36}},"39":{"start":{"line":65,"column":20},"end":{"line":65,"column":35}},"40":{"start":{"line":66,"column":20},"end":{"line":66,"column":26}},"41":{"start":{"line":69,"column":20},"end":{"line":69,"column":53}},"42":{"start":{"line":71,"column":20},"end":{"line":81,"column":21}},"43":{"start":{"line":72,"column":39},"end":{"line":72,"column":69}},"44":{"start":{"line":73,"column":43},"end":{"line":73,"column":66}},"45":{"start":{"line":75,"column":24},"end":{"line":80,"column":25}},"46":{"start":{"line":76,"column":28},"end":{"line":76,"column":44}},"47":{"start":{"line":77,"column":28},"end":{"line":77,"column":59}},"48":{"start":{"line":79,"column":28},"end":{"line":79,"column":34}},"49":{"start":{"line":84,"column":20},"end":{"line":84,"column":86}},"50":{"start":{"line":87,"column":20},"end":{"line":87,"column":44}},"51":{"start":{"line":88,"column":20},"end":{"line":88,"column":36}},"52":{"start":{"line":89,"column":20},"end":{"line":89,"column":35}},"53":{"start":{"line":90,"column":20},"end":{"line":90,"column":26}},"54":{"start":{"line":93,"column":24},"end":{"line":93,"column":57}},"55":{"start":{"line":96,"column":24},"end":{"line":106,"column":21}},"56":{"start":{"line":97,"column":43},"end":{"line":97,"column":73}},"57":{"start":{"line":99,"column":28},"end":{"line":105,"column":25}},"58":{"start":{"line":103,"column":28},"end":{"line":103,"column":59}},"59":{"start":{"line":104,"column":28},"end":{"line":104,"column":44}},"60":{"start":{"line":110,"column":24},"end":{"line":110,"column":76}},"61":{"start":{"line":113,"column":24},"end":{"line":113,"column":85}},"62":{"start":{"line":116,"column":24},"end":{"line":116,"column":48}},"63":{"start":{"line":117,"column":24},"end":{"line":117,"column":40}},"64":{"start":{"line":118,"column":24},"end":{"line":118,"column":39}},"65":{"start":{"line":119,"column":24},"end":{"line":119,"column":30}},"66":{"start":{"line":121,"column":20},"end":{"line":121,"column":36}},"67":{"start":{"line":122,"column":20},"end":{"line":135,"column":21}},"68":{"start":{"line":123,"column":39},"end":{"line":123,"column":65}},"69":{"start":{"line":124,"column":24},"end":{"line":133,"column":25}},"70":{"start":{"line":126,"column":28},"end":{"line":126,"column":93}},"71":{"start":{"line":127,"column":28},"end":{"line":127,"column":52}},"72":{"start":{"line":128,"column":28},"end":{"line":128,"column":44}},"73":{"start":{"line":129,"column":28},"end":{"line":129,"column":43}},"74":{"start":{"line":130,"column":28},"end":{"line":130,"column":34}},"75":{"start":{"line":132,"column":28},"end":{"line":132,"column":59}},"76":{"start":{"line":134,"column":24},"end":{"line":134,"column":40}},"77":{"start":{"line":137,"column":20},"end":{"line":139,"column":21}},"78":{"start":{"line":138,"column":24},"end":{"line":138,"column":69}},"79":{"start":{"line":140,"column":20},"end":{"line":140,"column":26}},"80":{"start":{"line":142,"column":24},"end":{"line":142,"column":40}},"81":{"start":{"line":143,"column":24},"end":{"line":157,"column":25}},"82":{"start":{"line":144,"column":43},"end":{"line":144,"column":69}},"83":{"start":{"line":145,"column":28},"end":{"line":155,"column":29}},"84":{"start":{"line":147,"column":32},"end":{"line":147,"column":91}},"85":{"start":{"line":148,"column":32},"end":{"line":148,"column":93}},"86":{"start":{"line":149,"column":32},"end":{"line":149,"column":56}},"87":{"start":{"line":150,"column":32},"end":{"line":150,"column":48}},"88":{"start":{"line":151,"column":32},"end":{"line":151,"column":47}},"89":{"start":{"line":152,"column":32},"end":{"line":152,"column":38}},"90":{"start":{"line":154,"column":32},"end":{"line":154,"column":63}},"91":{"start":{"line":156,"column":28},"end":{"line":156,"column":44}},"92":{"start":{"line":159,"column":24},"end":{"line":161,"column":25}},"93":{"start":{"line":160,"column":28},"end":{"line":160,"column":73}},"94":{"start":{"line":162,"column":24},"end":{"line":162,"column":30}},"95":{"start":{"line":169,"column":24},"end":{"line":173,"column":1}},"96":{"start":{"line":170,"column":18},"end":{"line":170,"column":39}},"97":{"start":{"line":171,"column":4},"end":{"line":171,"column":21}},"98":{"start":{"line":172,"column":4},"end":{"line":172,"column":24}}},"fnMap":{"0":{"name":"(anonymous_0)","decl":{"start":{"line":6,"column":4},"end":{"line":6,"column":5}},"loc":{"start":{"line":6,"column":28},"end":{"line":13,"column":5}},"line":6},"1":{"name":"(anonymous_1)","decl":{"start":{"line":15,"column":4},"end":{"line":15,"column":5}},"loc":{"start":{"line":15,"column":15},"end":{"line":165,"column":5}},"line":15},"2":{"name":"(anonymous_2)","decl":{"start":{"line":169,"column":24},"end":{"line":169,"column":25}},"loc":{"start":{"line":169,"column":40},"end":{"line":173,"column":1}},"line":169}},"branchMap":{"0":{"loc":{"start":{"line":25,"column":12},"end":{"line":163,"column":13}},"type":"switch","locations":[{"start":{"line":26,"column":16},"end":{"line":41,"column":26}},{"start":{"line":43,"column":16},"end":{"line":66,"column":26}},{"start":{"line":68,"column":20},"end":{"line":90,"column":26}},{"start":{"line":92,"column":20},"end":{"line":119,"column":30}},{"start":{"line":120,"column":21},"end":{"line":140,"column":26}},{"start":{"line":141,"column":16},"end":{"line":162,"column":30}}],"line":25},"1":{"loc":{"start":{"line":27,"column":20},"end":{"line":39,"column":21}},"type":"if","locations":[{"start":{"line":27,"column":20},"end":{"line":39,"column":21}},{"start":{"line":29,"column":27},"end":{"line":39,"column":21}}],"line":27},"2":{"loc":{"start":{"line":29,"column":27},"end":{"line":39,"column":21}},"type":"if","locations":[{"start":{"line":29,"column":27},"end":{"line":39,"column":21}},{"start":{"line":31,"column":27},"end":{"line":39,"column":21}}],"line":29},"3":{"loc":{"start":{"line":31,"column":27},"end":{"line":39,"column":21}},"type":"if","locations":[{"start":{"line":31,"column":27},"end":{"line":39,"column":21}},{"start":{"line":33,"column":27},"end":{"line":39,"column":21}}],"line":31},"4":{"loc":{"start":{"line":33,"column":27},"end":{"line":39,"column":21}},"type":"if","locations":[{"start":{"line":33,"column":27},"end":{"line":39,"column":21}},{"start":{"line":37,"column":26},"end":{"line":39,"column":21}}],"line":33},"5":{"loc":{"start":{"line":33,"column":31},"end":{"line":33,"column":73}},"type":"binary-expr","locations":[{"start":{"line":33,"column":31},"end":{"line":33,"column":50}},{"start":{"line":33,"column":54},"end":{"line":33,"column":73}}],"line":33},"6":{"loc":{"start":{"line":50,"column":24},"end":{"line":55,"column":25}},"type":"if","locations":[{"start":{"line":50,"column":24},"end":{"line":55,"column":25}},{"start":{"line":53,"column":31},"end":{"line":55,"column":25}}],"line":50},"7":{"loc":{"start":{"line":50,"column":28},"end":{"line":50,"column":84}},"type":"binary-expr","locations":[{"start":{"line":50,"column":28},"end":{"line":50,"column":55}},{"start":{"line":50,"column":59},"end":{"line":50,"column":84}}],"line":50},"8":{"loc":{"start":{"line":75,"column":24},"end":{"line":80,"column":25}},"type":"if","locations":[{"start":{"line":75,"column":24},"end":{"line":80,"column":25}},{"start":{"line":78,"column":31},"end":{"line":80,"column":25}}],"line":75},"9":{"loc":{"start":{"line":96,"column":24},"end":{"line":106,"column":21}},"type":"if","locations":[{"start":{"line":96,"column":24},"end":{"line":106,"column":21}},{"start":{},"end":{}}],"line":96},"10":{"loc":{"start":{"line":99,"column":28},"end":{"line":105,"column":25}},"type":"if","locations":[{"start":{"line":99,"column":28},"end":{"line":105,"column":25}},{"start":{},"end":{}}],"line":99},"11":{"loc":{"start":{"line":99,"column":32},"end":{"line":101,"column":76}},"type":"binary-expr","locations":[{"start":{"line":99,"column":33},"end":{"line":99,"column":59}},{"start":{"line":99,"column":63},"end":{"line":99,"column":79}},{"start":{"line":100,"column":29},"end":{"line":100,"column":55}},{"start":{"line":100,"column":59},"end":{"line":100,"column":75}},{"start":{"line":101,"column":29},"end":{"line":101,"column":55}},{"start":{"line":101,"column":59},"end":{"line":101,"column":75}}],"line":99},"12":{"loc":{"start":{"line":124,"column":24},"end":{"line":133,"column":25}},"type":"if","locations":[{"start":{"line":124,"column":24},"end":{"line":133,"column":25}},{"start":{"line":131,"column":31},"end":{"line":133,"column":25}}],"line":124},"13":{"loc":{"start":{"line":137,"column":20},"end":{"line":139,"column":21}},"type":"if","locations":[{"start":{"line":137,"column":20},"end":{"line":139,"column":21}},{"start":{},"end":{}}],"line":137},"14":{"loc":{"start":{"line":145,"column":28},"end":{"line":155,"column":29}},"type":"if","locations":[{"start":{"line":145,"column":28},"end":{"line":155,"column":29}},{"start":{"line":153,"column":35},"end":{"line":155,"column":29}}],"line":145},"15":{"loc":{"start":{"line":159,"column":24},"end":{"line":161,"column":25}},"type":"if","locations":[{"start":{"line":159,"column":24},"end":{"line":161,"column":25}},{"start":{},"end":{}}],"line":159}},"s":{"0":9,"1":9,"2":9,"3":9,"4":9,"5":9,"6":9,"7":9,"8":9,"9":9,"10":9,"11":9,"12":207,"13":207,"14":207,"15":122,"16":34,"17":88,"18":4,"19":84,"20":47,"21":37,"22":0,"23":0,"24":0,"25":37,"26":122,"27":34,"28":34,"29":158,"30":158,"31":158,"32":124,"33":124,"34":34,"35":34,"36":34,"37":34,"38":34,"39":34,"40":34,"41":4,"42":4,"43":6,"44":6,"45":6,"46":2,"47":2,"48":4,"49":4,"50":4,"51":4,"52":4,"53":4,"54":47,"55":47,"56":39,"57":39,"58":0,"59":0,"60":47,"61":47,"62":47,"63":47,"64":47,"65":47,"66":0,"67":0,"68":0,"69":0,"70":0,"71":0,"72":0,"73":0,"74":0,"75":0,"76":0,"77":0,"78":0,"79":0,"80":0,"81":0,"82":0,"83":0,"84":0,"85":0,"86":0,"87":0,"88":0,"89":0,"90":0,"91":0,"92":0,"93":0,"94":0,"95":1,"96":9,"97":9,"98":9},"f":{"0":9,"1":9,"2":9},"b":{"0":[122,34,4,47,0,0],"1":[34,88],"2":[4,84],"3":[47,37],"4":[0,37],"5":[37,37],"6":[124,34],"7":[158,36],"8":[2,4],"9":[39,8],"10":[0,39],"11":[39,1,39,0,39,0],"12":[0,0],"13":[0,0],"14":[0,0],"15":[0,0]},"_coverageSchema":"1a1c01bbd47fc00a2c39e90264f33305004495a9","hash":"0f6761ef5ede01633c2a12f1539d391fb2b393d8"}
,"C:\\Users\\chris\\Documents\\GitHub\\JSOP\\src\\tokenizer\\token.js": {"path":"C:\\Users\\chris\\Documents\\GitHub\\JSOP\\src\\tokenizer\\token.js","statementMap":{"0":{"start":{"line":3,"column":8},"end":{"line":3,"column":25}},"1":{"start":{"line":4,"column":8},"end":{"line":4,"column":25}}},"fnMap":{"0":{"name":"(anonymous_0)","decl":{"start":{"line":2,"column":4},"end":{"line":2,"column":5}},"loc":{"start":{"line":2,"column":28},"end":{"line":5,"column":5}},"line":2}},"branchMap":{},"s":{"0":150,"1":150},"f":{"0":150},"b":{},"_coverageSchema":"1a1c01bbd47fc00a2c39e90264f33305004495a9","hash":"b26d52f87668bad19ae36ffd37450db741d3efe7"}
,"C:\\Users\\chris\\Documents\\GitHub\\JSOP\\tests\\tokenizer\\tokenizeError.js": {"path":"C:\\Users\\chris\\Documents\\GitHub\\JSOP\\tests\\tokenizer\\tokenizeError.js","statementMap":{"0":{"start":{"line":3,"column":4},"end":{"line":3,"column":19}}},"fnMap":{"0":{"name":"(anonymous_0)","decl":{"start":{"line":2,"column":2},"end":{"line":2,"column":3}},"loc":{"start":{"line":2,"column":22},"end":{"line":4,"column":3}},"line":2}},"branchMap":{},"s":{"0":0},"f":{"0":0},"b":{},"_coverageSchema":"1a1c01bbd47fc00a2c39e90264f33305004495a9","hash":"609849b4b82f057dfb7dea6439b3a9492a5a1c7b"}
}
