TN:
SF:src\tokenizer\dictionary.js
FN:4,get_char_data
FN:30,set_token
FNF:2
FNH:2
FNDA:89,get_char_data
FNDA:20,set_token
DA:5,89
DA:6,49
DA:8,40
DA:9,0
DA:11,40
DA:12,19
DA:14,21
DA:15,21
DA:17,0
DA:20,1
DA:26,1
DA:31,20
DA:34,20
DA:37,8
DA:39,1
DA:40,1
DA:42,1
DA:43,1
DA:45,0
DA:46,0
DA:48,0
DA:49,0
DA:51,0
DA:52,0
DA:54,0
DA:55,0
DA:57,0
DA:58,0
DA:60,0
DA:61,0
DA:63,1
DA:64,1
DA:66,0
DA:67,0
DA:69,0
DA:70,0
DA:72,2
DA:73,2
DA:75,0
DA:76,0
DA:78,0
DA:79,0
DA:81,1
DA:82,1
DA:84,1
DA:85,1
DA:88,1
DA:89,1
DA:91,8
DA:95,12
DA:96,2
DA:97,10
DA:98,4
DA:100,6
DA:102,12
DA:107,0
DA:108,0
DA:111,20
LF:58
LH:34
BRDA:5,0,0,49
BRDA:5,0,1,40
BRDA:8,1,0,0
BRDA:8,1,1,40
BRDA:11,2,0,19
BRDA:11,2,1,21
BRDA:14,3,0,21
BRDA:14,3,1,0
BRDA:34,4,0,8
BRDA:34,4,1,12
BRDA:34,4,2,0
BRDA:37,5,0,1
BRDA:37,5,1,1
BRDA:37,5,2,0
BRDA:37,5,3,0
BRDA:37,5,4,0
BRDA:37,5,5,0
BRDA:37,5,6,0
BRDA:37,5,7,0
BRDA:37,5,8,1
BRDA:37,5,9,0
BRDA:37,5,10,0
BRDA:37,5,11,2
BRDA:37,5,12,0
BRDA:37,5,13,0
BRDA:37,5,14,1
BRDA:37,5,15,1
BRDA:37,5,16,1
BRDA:95,6,0,2
BRDA:95,6,1,10
BRDA:97,7,0,4
BRDA:97,7,1,6
BRF:32
BRH:19
end_of_record
TN:
SF:src\tokenizer\lexer.js
FN:6,(anonymous_0)
FN:15,(anonymous_1)
FN:169,(anonymous_2)
FNF:3
FNH:3
FNDA:2,(anonymous_0)
FNDA:2,(anonymous_1)
FNDA:2,(anonymous_2)
DA:7,2
DA:8,2
DA:9,2
DA:10,2
DA:11,2
DA:12,2
DA:16,2
DA:17,2
DA:18,2
DA:19,2
DA:20,2
DA:21,2
DA:22,52
DA:23,52
DA:25,52
DA:27,32
DA:28,12
DA:29,20
DA:30,0
DA:31,20
DA:32,8
DA:33,12
DA:34,0
DA:35,0
DA:36,0
DA:38,12
DA:41,32
DA:44,12
DA:46,12
DA:47,37
DA:48,37
DA:50,37
DA:51,25
DA:52,25
DA:54,12
DA:59,12
DA:60,12
DA:63,12
DA:64,12
DA:65,12
DA:66,12
DA:69,0
DA:71,0
DA:72,0
DA:73,0
DA:75,0
DA:76,0
DA:77,0
DA:79,0
DA:84,0
DA:87,0
DA:88,0
DA:89,0
DA:90,0
DA:93,8
DA:96,8
DA:97,6
DA:99,6
DA:103,0
DA:104,0
DA:110,8
DA:113,8
DA:116,8
DA:117,8
DA:118,8
DA:119,8
DA:121,0
DA:122,0
DA:123,0
DA:124,0
DA:126,0
DA:127,0
DA:128,0
DA:129,0
DA:130,0
DA:132,0
DA:134,0
DA:137,0
DA:138,0
DA:140,0
DA:142,0
DA:143,0
DA:144,0
DA:145,0
DA:147,0
DA:148,0
DA:149,0
DA:150,0
DA:151,0
DA:152,0
DA:154,0
DA:156,0
DA:159,0
DA:160,0
DA:162,0
DA:169,1
DA:170,2
DA:171,2
DA:172,2
LF:99
LH:51
BRDA:25,0,0,32
BRDA:25,0,1,12
BRDA:25,0,2,0
BRDA:25,0,3,8
BRDA:25,0,4,0
BRDA:25,0,5,0
BRDA:27,1,0,12
BRDA:27,1,1,20
BRDA:29,2,0,0
BRDA:29,2,1,20
BRDA:31,3,0,8
BRDA:31,3,1,12
BRDA:33,4,0,0
BRDA:33,4,1,12
BRDA:33,5,0,12
BRDA:33,5,1,12
BRDA:50,6,0,25
BRDA:50,6,1,12
BRDA:50,7,0,37
BRDA:50,7,1,12
BRDA:75,8,0,0
BRDA:75,8,1,0
BRDA:96,9,0,6
BRDA:96,9,1,2
BRDA:99,10,0,0
BRDA:99,10,1,6
BRDA:99,11,0,6
BRDA:99,11,1,0
BRDA:99,11,2,6
BRDA:99,11,3,0
BRDA:99,11,4,6
BRDA:99,11,5,0
BRDA:124,12,0,0
BRDA:124,12,1,0
BRDA:137,13,0,0
BRDA:137,13,1,0
BRDA:145,14,0,0
BRDA:145,14,1,0
BRDA:159,15,0,0
BRDA:159,15,1,0
BRF:40
BRH:21
end_of_record
TN:
SF:src\tokenizer\token.js
FN:2,(anonymous_0)
FNF:1
FNH:1
FNDA:40,(anonymous_0)
DA:3,40
DA:4,40
LF:2
LH:2
BRF:0
BRH:0
end_of_record
TN:
SF:tests\tokenizer\tokenizeError.js
FN:2,(anonymous_0)
FNF:1
FNH:1
FNDA:3,(anonymous_0)
DA:3,3
LF:1
LH:1
BRF:0
BRH:0
end_of_record
