TN:
SF:src\tokenizer\dictionary.js
FN:4,get_char_data
FN:30,set_token
FNF:2
FNH:2
FNDA:480,get_char_data
FNDA:109,set_token
DA:5,480
DA:6,232
DA:8,248
DA:9,14
DA:11,234
DA:12,72
DA:14,162
DA:15,155
DA:17,7
DA:20,1
DA:26,1
DA:31,109
DA:34,109
DA:37,63
DA:39,9
DA:40,9
DA:42,9
DA:43,9
DA:45,1
DA:46,1
DA:48,2
DA:49,2
DA:51,1
DA:52,1
DA:54,1
DA:55,1
DA:57,1
DA:58,1
DA:60,1
DA:61,1
DA:63,2
DA:64,2
DA:66,1
DA:67,1
DA:69,1
DA:70,1
DA:72,13
DA:73,13
DA:75,1
DA:76,1
DA:78,1
DA:79,1
DA:81,6
DA:82,6
DA:84,6
DA:85,6
DA:90,6
DA:91,6
DA:94,1
DA:95,1
DA:97,63
DA:101,46
DA:102,10
DA:103,36
DA:104,5
DA:106,31
DA:108,46
DA:113,0
DA:114,0
DA:117,109
LF:60
LH:58
BRDA:5,0,0,232
BRDA:5,0,1,248
BRDA:8,1,0,14
BRDA:8,1,1,234
BRDA:11,2,0,72
BRDA:11,2,1,162
BRDA:14,3,0,155
BRDA:14,3,1,7
BRDA:34,4,0,63
BRDA:34,4,1,46
BRDA:34,4,2,0
BRDA:37,5,0,9
BRDA:37,5,1,9
BRDA:37,5,2,1
BRDA:37,5,3,2
BRDA:37,5,4,1
BRDA:37,5,5,1
BRDA:37,5,6,1
BRDA:37,5,7,1
BRDA:37,5,8,2
BRDA:37,5,9,1
BRDA:37,5,10,1
BRDA:37,5,11,13
BRDA:37,5,12,1
BRDA:37,5,13,1
BRDA:37,5,14,6
BRDA:37,5,15,6
BRDA:37,5,16,1
BRDA:37,5,17,2
BRDA:37,5,18,6
BRDA:37,5,19,6
BRDA:37,5,20,1
BRDA:101,6,0,10
BRDA:101,6,1,36
BRDA:103,7,0,5
BRDA:103,7,1,31
BRF:36
BRH:35
end_of_record
TN:
SF:src\tokenizer\lexer.js
FN:6,(anonymous_0)
FN:15,(anonymous_1)
FN:169,(anonymous_2)
FNF:3
FNH:3
FNDA:13,(anonymous_0)
FNDA:13,(anonymous_1)
FNDA:13,(anonymous_2)
DA:7,13
DA:8,13
DA:9,13
DA:10,13
DA:11,13
DA:12,13
DA:16,13
DA:17,13
DA:18,13
DA:19,13
DA:20,13
DA:21,13
DA:22,285
DA:23,285
DA:25,285
DA:27,170
DA:28,46
DA:29,124
DA:30,5
DA:31,119
DA:32,63
DA:33,56
DA:34,1
DA:35,1
DA:36,1
DA:38,55
DA:41,170
DA:44,46
DA:46,46
DA:47,188
DA:48,188
DA:50,188
DA:51,142
DA:52,142
DA:54,46
DA:59,46
DA:60,46
DA:63,46
DA:64,46
DA:65,46
DA:66,46
DA:69,5
DA:71,5
DA:72,7
DA:73,7
DA:75,7
DA:76,2
DA:77,2
DA:79,5
DA:84,5
DA:87,5
DA:88,5
DA:89,5
DA:90,5
DA:93,63
DA:96,63
DA:97,52
DA:99,52
DA:103,3
DA:104,3
DA:110,63
DA:113,63
DA:116,63
DA:117,63
DA:118,63
DA:119,63
DA:121,1
DA:122,1
DA:123,1
DA:124,1
DA:126,1
DA:127,1
DA:128,1
DA:129,1
DA:130,1
DA:132,0
DA:134,0
DA:137,1
DA:138,1
DA:140,1
DA:142,0
DA:143,0
DA:144,0
DA:145,0
DA:147,0
DA:148,0
DA:149,0
DA:150,0
DA:151,0
DA:152,0
DA:154,0
DA:156,0
DA:159,0
DA:160,0
DA:162,0
DA:169,1
DA:170,13
DA:171,13
DA:172,13
LF:99
LH:82
BRDA:25,0,0,170
BRDA:25,0,1,46
BRDA:25,0,2,5
BRDA:25,0,3,63
BRDA:25,0,4,1
BRDA:25,0,5,0
BRDA:27,1,0,46
BRDA:27,1,1,124
BRDA:29,2,0,5
BRDA:29,2,1,119
BRDA:31,3,0,63
BRDA:31,3,1,56
BRDA:33,4,0,1
BRDA:33,4,1,55
BRDA:33,5,0,56
BRDA:33,5,1,55
BRDA:50,6,0,142
BRDA:50,6,1,46
BRDA:50,7,0,188
BRDA:50,7,1,48
BRDA:75,8,0,2
BRDA:75,8,1,5
BRDA:96,9,0,52
BRDA:96,9,1,11
BRDA:99,10,0,3
BRDA:99,10,1,49
BRDA:99,11,0,52
BRDA:99,11,1,3
BRDA:99,11,2,51
BRDA:99,11,3,1
BRDA:99,11,4,50
BRDA:99,11,5,2
BRDA:124,12,0,1
BRDA:124,12,1,0
BRDA:137,13,0,1
BRDA:137,13,1,0
BRDA:145,14,0,0
BRDA:145,14,1,0
BRDA:159,15,0,0
BRDA:159,15,1,0
BRF:40
BRH:33
end_of_record
TN:
SF:src\tokenizer\token.js
FN:2,(anonymous_0)
FNF:1
FNH:1
FNDA:210,(anonymous_0)
DA:3,210
DA:4,210
LF:2
LH:2
BRF:0
BRH:0
end_of_record
TN:
SF:tests\tokenizer\tokenizeError.js
FN:2,(anonymous_0)
FNF:1
FNH:0
FNDA:0,(anonymous_0)
DA:3,0
LF:1
LH:0
BRF:0
BRH:0
end_of_record
